<?xml version="1.0" encoding="UTF-8"?>
<coverage generated="1756894573660" clover="3.2.0">
  <project timestamp="1756894573660" name="All files">
    <metrics statements="912" coveredstatements="720" conditionals="165" coveredconditionals="146" methods="59" coveredmethods="42" elements="1136" coveredelements="908" complexity="0" loc="912" ncloc="912" packages="7" files="17" classes="17"/>
    <package name="Todo-App">
      <metrics statements="11" coveredstatements="0" conditionals="1" coveredconditionals="0" methods="1" coveredmethods="0"/>
      <file name="tailwind.config.js" path="/Volumes/Disk-ito/Ari/Saved Projects/Coding/Todo-App/tailwind.config.js">
        <metrics statements="11" coveredstatements="0" conditionals="1" coveredconditionals="0" methods="1" coveredmethods="0"/>
        <line num="1" count="0" type="cond" truecount="0" falsecount="1"/>
        <line num="2" count="0" type="stmt"/>
        <line num="3" count="0" type="stmt"/>
        <line num="4" count="0" type="stmt"/>
        <line num="5" count="0" type="stmt"/>
        <line num="6" count="0" type="stmt"/>
        <line num="7" count="0" type="stmt"/>
        <line num="8" count="0" type="stmt"/>
        <line num="9" count="0" type="stmt"/>
        <line num="10" count="0" type="stmt"/>
        <line num="11" count="0" type="stmt"/>
      </file>
    </package>
    <package name="Todo-App.src">
      <metrics statements="115" coveredstatements="26" conditionals="5" coveredconditionals="3" methods="4" coveredmethods="2"/>
      <file name="App.tsx" path="/Volumes/Disk-ito/Ari/Saved Projects/Coding/Todo-App/src/App.tsx">
        <metrics statements="26" coveredstatements="26" conditionals="3" coveredconditionals="3" methods="2" coveredmethods="2"/>
        <line num="1" count="1" type="stmt"/>
        <line num="2" count="1" type="stmt"/>
        <line num="3" count="1" type="stmt"/>
        <line num="4" count="1" type="stmt"/>
        <line num="5" count="1" type="stmt"/>
        <line num="7" count="51" type="cond" truecount="1" falsecount="0"/>
        <line num="8" count="51" type="stmt"/>
        <line num="12" count="51" type="stmt"/>
        <line num="13" count="51" type="stmt"/>
        <line num="14" count="51" type="stmt"/>
        <line num="15" count="51" type="stmt"/>
        <line num="16" count="51" type="cond" truecount="1" falsecount="0"/>
        <line num="17" count="15" type="stmt"/>
        <line num="18" count="15" type="stmt"/>
        <line num="19" count="15" type="stmt"/>
        <line num="21" count="51" type="stmt"/>
        <line num="23" count="51" type="stmt"/>
        <line num="25" count="24" type="cond" truecount="1" falsecount="0"/>
        <line num="26" count="24" type="stmt"/>
        <line num="27" count="24" type="stmt"/>
        <line num="28" count="24" type="stmt"/>
        <line num="29" count="24" type="stmt"/>
        <line num="30" count="24" type="stmt"/>
        <line num="31" count="24" type="stmt"/>
        <line num="33" count="24" type="stmt"/>
        <line num="35" count="1" type="stmt"/>
      </file>
      <file name="main.tsx" path="/Volumes/Disk-ito/Ari/Saved Projects/Coding/Todo-App/src/main.tsx">
        <metrics statements="10" coveredstatements="0" conditionals="1" coveredconditionals="0" methods="1" coveredmethods="0"/>
        <line num="1" count="0" type="cond" truecount="0" falsecount="1"/>
        <line num="2" count="0" type="stmt"/>
        <line num="3" count="0" type="stmt"/>
        <line num="4" count="0" type="stmt"/>
        <line num="5" count="0" type="stmt"/>
        <line num="6" count="0" type="stmt"/>
        <line num="7" count="0" type="stmt"/>
        <line num="8" count="0" type="stmt"/>
        <line num="9" count="0" type="stmt"/>
        <line num="10" count="0" type="stmt"/>
      </file>
      <file name="types.ts" path="/Volumes/Disk-ito/Ari/Saved Projects/Coding/Todo-App/src/types.ts">
        <metrics statements="79" coveredstatements="0" conditionals="1" coveredconditionals="0" methods="1" coveredmethods="0"/>
        <line num="1" count="0" type="cond" truecount="0" falsecount="1"/>
        <line num="2" count="0" type="stmt"/>
        <line num="3" count="0" type="stmt"/>
        <line num="4" count="0" type="stmt"/>
        <line num="5" count="0" type="stmt"/>
        <line num="6" count="0" type="stmt"/>
        <line num="7" count="0" type="stmt"/>
        <line num="8" count="0" type="stmt"/>
        <line num="9" count="0" type="stmt"/>
        <line num="10" count="0" type="stmt"/>
        <line num="11" count="0" type="stmt"/>
        <line num="12" count="0" type="stmt"/>
        <line num="13" count="0" type="stmt"/>
        <line num="14" count="0" type="stmt"/>
        <line num="15" count="0" type="stmt"/>
        <line num="16" count="0" type="stmt"/>
        <line num="17" count="0" type="stmt"/>
        <line num="18" count="0" type="stmt"/>
        <line num="19" count="0" type="stmt"/>
        <line num="20" count="0" type="stmt"/>
        <line num="21" count="0" type="stmt"/>
        <line num="22" count="0" type="stmt"/>
        <line num="23" count="0" type="stmt"/>
        <line num="24" count="0" type="stmt"/>
        <line num="25" count="0" type="stmt"/>
        <line num="26" count="0" type="stmt"/>
        <line num="27" count="0" type="stmt"/>
        <line num="28" count="0" type="stmt"/>
        <line num="29" count="0" type="stmt"/>
        <line num="30" count="0" type="stmt"/>
        <line num="31" count="0" type="stmt"/>
        <line num="32" count="0" type="stmt"/>
        <line num="33" count="0" type="stmt"/>
        <line num="34" count="0" type="stmt"/>
        <line num="35" count="0" type="stmt"/>
        <line num="36" count="0" type="stmt"/>
        <line num="37" count="0" type="stmt"/>
        <line num="38" count="0" type="stmt"/>
        <line num="39" count="0" type="stmt"/>
        <line num="40" count="0" type="stmt"/>
        <line num="41" count="0" type="stmt"/>
        <line num="42" count="0" type="stmt"/>
        <line num="43" count="0" type="stmt"/>
        <line num="44" count="0" type="stmt"/>
        <line num="45" count="0" type="stmt"/>
        <line num="46" count="0" type="stmt"/>
        <line num="47" count="0" type="stmt"/>
        <line num="48" count="0" type="stmt"/>
        <line num="49" count="0" type="stmt"/>
        <line num="50" count="0" type="stmt"/>
        <line num="51" count="0" type="stmt"/>
        <line num="52" count="0" type="stmt"/>
        <line num="53" count="0" type="stmt"/>
        <line num="54" count="0" type="stmt"/>
        <line num="55" count="0" type="stmt"/>
        <line num="56" count="0" type="stmt"/>
        <line num="57" count="0" type="stmt"/>
        <line num="58" count="0" type="stmt"/>
        <line num="59" count="0" type="stmt"/>
        <line num="60" count="0" type="stmt"/>
        <line num="61" count="0" type="stmt"/>
        <line num="62" count="0" type="stmt"/>
        <line num="63" count="0" type="stmt"/>
        <line num="64" count="0" type="stmt"/>
        <line num="65" count="0" type="stmt"/>
        <line num="66" count="0" type="stmt"/>
        <line num="67" count="0" type="stmt"/>
        <line num="68" count="0" type="stmt"/>
        <line num="69" count="0" type="stmt"/>
        <line num="70" count="0" type="stmt"/>
        <line num="71" count="0" type="stmt"/>
        <line num="72" count="0" type="stmt"/>
        <line num="73" count="0" type="stmt"/>
        <line num="74" count="0" type="stmt"/>
        <line num="75" count="0" type="stmt"/>
        <line num="76" count="0" type="stmt"/>
        <line num="77" count="0" type="stmt"/>
        <line num="78" count="0" type="stmt"/>
        <line num="79" count="0" type="stmt"/>
      </file>
    </package>
    <package name="Todo-App.src.components">
      <metrics statements="572" coveredstatements="481" conditionals="85" coveredconditionals="70" methods="35" coveredmethods="21"/>
      <file name="CardBoard.tsx" path="/Volumes/Disk-ito/Ari/Saved Projects/Coding/Todo-App/src/components/CardBoard.tsx">
        <metrics statements="25" coveredstatements="25" conditionals="5" coveredconditionals="5" methods="1" coveredmethods="1"/>
        <line num="1" count="1" type="stmt"/>
        <line num="2" count="1" type="stmt"/>
        <line num="3" count="1" type="stmt"/>
        <line num="4" count="1" type="stmt"/>
        <line num="6" count="1" type="cond" truecount="1" falsecount="0"/>
        <line num="7" count="68" type="stmt"/>
        <line num="8" count="68" type="stmt"/>
        <line num="10" count="68" type="stmt"/>
        <line num="11" count="68" type="stmt"/>
        <line num="12" count="68" type="stmt"/>
        <line num="13" count="68" type="stmt"/>
        <line num="15" count="68" type="cond" truecount="1" falsecount="0"/>
        <line num="16" count="41" type="stmt"/>
        <line num="17" count="41" type="stmt"/>
        <line num="18" count="41" type="stmt"/>
        <line num="19" count="41" type="cond" truecount="2" falsecount="0"/>
        <line num="20" count="41" type="stmt"/>
        <line num="22" count="41" type="stmt"/>
        <line num="23" count="41" type="stmt"/>
        <line num="24" count="41" type="cond" truecount="1" falsecount="0"/>
        <line num="25" count="41" type="stmt"/>
        <line num="26" count="41" type="stmt"/>
        <line num="27" count="68" type="stmt"/>
        <line num="28" count="68" type="stmt"/>
        <line num="30" count="68" type="stmt"/>
      </file>
      <file name="CardDisplay.tsx" path="/Volumes/Disk-ito/Ari/Saved Projects/Coding/Todo-App/src/components/CardDisplay.tsx">
        <metrics statements="141" coveredstatements="111" conditionals="17" coveredconditionals="12" methods="4" coveredmethods="1"/>
        <line num="1" count="1" type="stmt"/>
        <line num="2" count="1" type="stmt"/>
        <line num="3" count="1" type="stmt"/>
        <line num="4" count="1" type="stmt"/>
        <line num="5" count="1" type="stmt"/>
        <line num="6" count="1" type="stmt"/>
        <line num="7" count="1" type="stmt"/>
        <line num="14" count="1" type="stmt"/>
        <line num="17" count="1" type="cond" truecount="1" falsecount="0"/>
        <line num="18" count="41" type="stmt"/>
        <line num="19" count="41" type="stmt"/>
        <line num="20" count="41" type="stmt"/>
        <line num="22" count="41" type="stmt"/>
        <line num="23" count="41" type="cond" truecount="1" falsecount="1"/>
        <line num="25" count="41" type="cond" truecount="1" falsecount="0"/>
        <line num="26" count="29" type="stmt"/>
        <line num="27" count="29" type="stmt"/>
        <line num="28" count="29" type="stmt"/>
        <line num="29" count="41" type="stmt"/>
        <line num="30" count="41" type="stmt"/>
        <line num="32" count="41" type="stmt"/>
        <line num="33" count="0" type="stmt"/>
        <line num="34" count="0" type="stmt"/>
        <line num="35" count="41" type="stmt"/>
        <line num="37" count="41" type="stmt"/>
        <line num="38" count="0" type="stmt"/>
        <line num="39" count="0" type="stmt"/>
        <line num="40" count="41" type="stmt"/>
        <line num="42" count="41" type="stmt"/>
        <line num="43" count="0" type="stmt"/>
        <line num="44" count="0" type="stmt"/>
        <line num="45" count="41" type="stmt"/>
        <line num="47" count="41" type="stmt"/>
        <line num="48" count="0" type="stmt"/>
        <line num="49" count="0" type="stmt"/>
        <line num="50" count="41" type="stmt"/>
        <line num="52" count="41" type="cond" truecount="1" falsecount="0"/>
        <line num="53" count="2" type="stmt"/>
        <line num="54" count="41" type="stmt"/>
        <line num="56" count="41" type="cond" truecount="2" falsecount="0"/>
        <line num="57" count="7" type="stmt"/>
        <line num="58" count="7" type="stmt"/>
        <line num="59" count="41" type="stmt"/>
        <line num="61" count="41" type="cond" truecount="1" falsecount="0"/>
        <line num="62" count="20" type="stmt"/>
        <line num="63" count="0" type="stmt"/>
        <line num="64" count="0" type="stmt"/>
        <line num="65" count="0" type="stmt"/>
        <line num="66" count="0" type="stmt"/>
        <line num="67" count="0" type="stmt"/>
        <line num="68" count="0" type="stmt"/>
        <line num="69" count="0" type="stmt"/>
        <line num="71" count="20" type="cond" truecount="0" falsecount="1"/>
        <line num="72" count="0" type="stmt"/>
        <line num="73" count="0" type="stmt"/>
        <line num="74" count="0" type="stmt"/>
        <line num="75" count="0" type="stmt"/>
        <line num="76" count="41" type="stmt"/>
        <line num="78" count="41" type="stmt"/>
        <line num="79" count="41" type="stmt"/>
        <line num="80" count="41" type="stmt"/>
        <line num="81" count="41" type="stmt"/>
        <line num="84" count="41" type="cond" truecount="0" falsecount="1"/>
        <line num="85" count="0" type="stmt"/>
        <line num="86" count="41" type="cond" truecount="0" falsecount="1"/>
        <line num="87" count="41" type="cond" truecount="1" falsecount="0"/>
        <line num="89" count="41" type="stmt"/>
        <line num="90" count="41" type="stmt"/>
        <line num="91" count="41" type="stmt"/>
        <line num="93" count="41" type="cond" truecount="1" falsecount="0"/>
        <line num="94" count="41" type="stmt"/>
        <line num="96" count="41" type="stmt"/>
        <line num="97" count="41" type="stmt"/>
        <line num="98" count="41" type="stmt"/>
        <line num="99" count="41" type="stmt"/>
        <line num="100" count="41" type="stmt"/>
        <line num="101" count="41" type="stmt"/>
        <line num="103" count="41" type="cond" truecount="1" falsecount="0"/>
        <line num="104" count="50" type="stmt"/>
        <line num="105" count="50" type="stmt"/>
        <line num="106" count="50" type="stmt"/>
        <line num="107" count="50" type="stmt"/>
        <line num="108" count="50" type="stmt"/>
        <line num="109" count="50" type="cond" truecount="1" falsecount="0"/>
        <line num="110" count="50" type="stmt"/>
        <line num="111" count="41" type="stmt"/>
        <line num="112" count="41" type="stmt"/>
        <line num="114" count="41" type="stmt"/>
        <line num="115" count="41" type="stmt"/>
        <line num="116" count="41" type="stmt"/>
        <line num="117" count="41" type="stmt"/>
        <line num="118" count="41" type="stmt"/>
        <line num="120" count="41" type="stmt"/>
        <line num="121" count="41" type="stmt"/>
        <line num="122" count="41" type="stmt"/>
        <line num="124" count="41" type="stmt"/>
        <line num="125" count="41" type="stmt"/>
        <line num="126" count="41" type="stmt"/>
        <line num="127" count="41" type="stmt"/>
        <line num="128" count="41" type="stmt"/>
        <line num="130" count="41" type="stmt"/>
        <line num="131" count="41" type="stmt"/>
        <line num="132" count="41" type="stmt"/>
        <line num="133" count="41" type="stmt"/>
        <line num="134" count="41" type="stmt"/>
        <line num="135" count="41" type="stmt"/>
        <line num="137" count="41" type="stmt"/>
        <line num="138" count="41" type="stmt"/>
        <line num="139" count="0" type="stmt"/>
        <line num="140" count="0" type="stmt"/>
        <line num="141" count="41" type="stmt"/>
        <line num="142" count="41" type="stmt"/>
        <line num="143" count="41" type="stmt"/>
        <line num="145" count="41" type="stmt"/>
        <line num="146" count="41" type="stmt"/>
        <line num="147" count="41" type="stmt"/>
        <line num="148" count="41" type="stmt"/>
        <line num="149" count="41" type="stmt"/>
        <line num="150" count="41" type="cond" truecount="0" falsecount="1"/>
        <line num="151" count="0" type="stmt"/>
        <line num="152" count="0" type="stmt"/>
        <line num="153" count="0" type="stmt"/>
        <line num="154" count="0" type="stmt"/>
        <line num="155" count="0" type="stmt"/>
        <line num="156" count="0" type="stmt"/>
        <line num="157" count="0" type="stmt"/>
        <line num="158" count="0" type="stmt"/>
        <line num="160" count="41" type="stmt"/>
        <line num="162" count="41" type="stmt"/>
        <line num="163" count="41" type="cond" truecount="1" falsecount="0"/>
        <line num="164" count="41" type="stmt"/>
        <line num="165" count="41" type="stmt"/>
        <line num="167" count="41" type="stmt"/>
        <line num="168" count="41" type="stmt"/>
        <line num="169" count="41" type="stmt"/>
        <line num="170" count="41" type="stmt"/>
        <line num="171" count="41" type="stmt"/>
        <line num="172" count="41" type="stmt"/>
        <line num="173" count="41" type="stmt"/>
        <line num="174" count="41" type="stmt"/>
        <line num="176" count="41" type="stmt"/>
      </file>
      <file name="CardEditor.tsx" path="/Volumes/Disk-ito/Ari/Saved Projects/Coding/Todo-App/src/components/CardEditor.tsx">
        <metrics statements="252" coveredstatements="191" conditionals="36" coveredconditionals="28" methods="20" coveredmethods="11"/>
        <line num="1" count="1" type="stmt"/>
        <line num="2" count="1" type="stmt"/>
        <line num="3" count="1" type="stmt"/>
        <line num="4" count="1" type="stmt"/>
        <line num="5" count="1" type="stmt"/>
        <line num="6" count="1" type="stmt"/>
        <line num="7" count="1" type="stmt"/>
        <line num="8" count="1" type="stmt"/>
        <line num="17" count="1" type="stmt"/>
        <line num="19" count="1" type="stmt"/>
        <line num="25" count="1" type="cond" truecount="1" falsecount="0"/>
        <line num="26" count="120" type="stmt"/>
        <line num="27" count="120" type="stmt"/>
        <line num="28" count="120" type="stmt"/>
        <line num="29" count="120" type="stmt"/>
        <line num="30" count="120" type="stmt"/>
        <line num="31" count="120" type="stmt"/>
        <line num="32" count="120" type="stmt"/>
        <line num="33" count="120" type="stmt"/>
        <line num="35" count="120" type="stmt"/>
        <line num="36" count="120" type="cond" truecount="1" falsecount="1"/>
        <line num="37" count="0" type="stmt"/>
        <line num="38" count="120" type="stmt"/>
        <line num="39" count="120" type="cond" truecount="1" falsecount="0"/>
        <line num="40" count="110" type="cond" truecount="0" falsecount="1"/>
        <line num="41" count="110" type="stmt"/>
        <line num="42" count="110" type="cond" truecount="1" falsecount="0"/>
        <line num="43" count="16" type="cond" truecount="1" falsecount="0"/>
        <line num="44" count="15" type="cond" truecount="1" falsecount="0"/>
        <line num="45" count="15" type="stmt"/>
        <line num="46" count="15" type="cond" truecount="1" falsecount="0"/>
        <line num="47" count="15" type="stmt"/>
        <line num="48" count="15" type="stmt"/>
        <line num="49" count="15" type="stmt"/>
        <line num="50" count="15" type="stmt"/>
        <line num="52" count="120" type="stmt"/>
        <line num="54" count="120" type="stmt"/>
        <line num="55" count="120" type="cond" truecount="1" falsecount="0"/>
        <line num="56" count="110" type="stmt"/>
        <line num="57" count="110" type="stmt"/>
        <line num="58" count="110" type="stmt"/>
        <line num="59" count="110" type="stmt"/>
        <line num="60" count="120" type="stmt"/>
        <line num="61" count="120" type="stmt"/>
        <line num="63" count="120" type="cond" truecount="1" falsecount="0"/>
        <line num="64" count="15" type="stmt"/>
        <line num="65" count="120" type="stmt"/>
        <line num="67" count="120" type="cond" truecount="1" falsecount="0"/>
        <line num="68" count="16" type="stmt"/>
        <line num="69" count="16" type="stmt"/>
        <line num="70" count="16" type="stmt"/>
        <line num="71" count="16" type="cond" truecount="0" falsecount="1"/>
        <line num="72" count="0" type="stmt"/>
        <line num="73" count="0" type="stmt"/>
        <line num="74" count="0" type="stmt"/>
        <line num="75" count="0" type="stmt"/>
        <line num="76" count="0" type="stmt"/>
        <line num="77" count="0" type="stmt"/>
        <line num="78" count="16" type="stmt"/>
        <line num="79" count="120" type="stmt"/>
        <line num="81" count="120" type="cond" truecount="1" falsecount="0"/>
        <line num="82" count="15" type="stmt"/>
        <line num="83" count="0" type="stmt"/>
        <line num="84" count="0" type="stmt"/>
        <line num="85" count="0" type="stmt"/>
        <line num="86" count="0" type="stmt"/>
        <line num="87" count="0" type="stmt"/>
        <line num="88" count="0" type="stmt"/>
        <line num="89" count="0" type="stmt"/>
        <line num="91" count="15" type="cond" truecount="0" falsecount="1"/>
        <line num="92" count="0" type="stmt"/>
        <line num="93" count="0" type="stmt"/>
        <line num="94" count="0" type="stmt"/>
        <line num="95" count="0" type="stmt"/>
        <line num="96" count="120" type="stmt"/>
        <line num="98" count="120" type="cond" truecount="1" falsecount="0"/>
        <line num="99" count="15" type="cond" truecount="0" falsecount="1"/>
        <line num="101" count="0" type="stmt"/>
        <line num="102" count="0" type="stmt"/>
        <line num="103" count="0" type="stmt"/>
        <line num="104" count="0" type="stmt"/>
        <line num="105" count="0" type="stmt"/>
        <line num="107" count="0" type="stmt"/>
        <line num="108" count="0" type="stmt"/>
        <line num="110" count="0" type="stmt"/>
        <line num="111" count="0" type="stmt"/>
        <line num="112" count="0" type="stmt"/>
        <line num="113" count="0" type="stmt"/>
        <line num="114" count="0" type="stmt"/>
        <line num="115" count="0" type="stmt"/>
        <line num="116" count="0" type="stmt"/>
        <line num="117" count="0" type="stmt"/>
        <line num="118" count="120" type="stmt"/>
        <line num="120" count="120" type="cond" truecount="1" falsecount="0"/>
        <line num="121" count="9" type="stmt"/>
        <line num="122" count="9" type="stmt"/>
        <line num="123" count="9" type="stmt"/>
        <line num="125" count="120" type="cond" truecount="1" falsecount="0"/>
        <line num="126" count="2" type="stmt"/>
        <line num="127" count="2" type="stmt"/>
        <line num="129" count="120" type="cond" truecount="1" falsecount="0"/>
        <line num="130" count="1" type="cond" truecount="0" falsecount="1"/>
        <line num="131" count="0" type="stmt"/>
        <line num="132" count="1" type="stmt"/>
        <line num="133" count="1" type="stmt"/>
        <line num="134" count="1" type="stmt"/>
        <line num="135" count="1" type="stmt"/>
        <line num="137" count="120" type="cond" truecount="1" falsecount="0"/>
        <line num="138" count="94" type="stmt"/>
        <line num="139" count="94" type="cond" truecount="1" falsecount="0"/>
        <line num="140" count="94" type="stmt"/>
        <line num="141" count="94" type="stmt"/>
        <line num="142" count="94" type="stmt"/>
        <line num="144" count="120" type="stmt"/>
        <line num="145" count="0" type="stmt"/>
        <line num="146" count="0" type="stmt"/>
        <line num="148" count="120" type="cond" truecount="1" falsecount="0"/>
        <line num="149" count="1" type="stmt"/>
        <line num="150" count="1" type="stmt"/>
        <line num="152" count="120" type="stmt"/>
        <line num="153" count="0" type="stmt"/>
        <line num="154" count="0" type="stmt"/>
        <line num="156" count="120" type="stmt"/>
        <line num="157" count="0" type="stmt"/>
        <line num="158" count="0" type="stmt"/>
        <line num="159" count="0" type="stmt"/>
        <line num="160" count="0" type="stmt"/>
        <line num="161" count="0" type="stmt"/>
        <line num="163" count="120" type="stmt"/>
        <line num="164" count="0" type="stmt"/>
        <line num="165" count="0" type="stmt"/>
        <line num="167" count="120" type="stmt"/>
        <line num="168" count="0" type="stmt"/>
        <line num="169" count="0" type="stmt"/>
        <line num="170" count="0" type="stmt"/>
        <line num="172" count="120" type="cond" truecount="2" falsecount="0"/>
        <line num="173" count="10" type="stmt"/>
        <line num="174" count="10" type="stmt"/>
        <line num="175" count="10" type="stmt"/>
        <line num="176" count="120" type="stmt"/>
        <line num="177" count="120" type="stmt"/>
        <line num="178" count="120" type="stmt"/>
        <line num="179" count="120" type="stmt"/>
        <line num="180" count="120" type="stmt"/>
        <line num="181" count="120" type="cond" truecount="2" falsecount="0"/>
        <line num="182" count="120" type="stmt"/>
        <line num="184" count="120" type="stmt"/>
        <line num="185" count="120" type="stmt"/>
        <line num="186" count="120" type="cond" truecount="1" falsecount="0"/>
        <line num="188" count="120" type="stmt"/>
        <line num="189" count="120" type="stmt"/>
        <line num="190" count="120" type="stmt"/>
        <line num="193" count="120" type="stmt"/>
        <line num="194" count="120" type="stmt"/>
        <line num="195" count="120" type="cond" truecount="0" falsecount="1"/>
        <line num="197" count="120" type="stmt"/>
        <line num="198" count="120" type="stmt"/>
        <line num="199" count="120" type="stmt"/>
        <line num="200" count="120" type="stmt"/>
        <line num="201" count="120" type="stmt"/>
        <line num="202" count="120" type="cond" truecount="1" falsecount="0"/>
        <line num="203" count="120" type="stmt"/>
        <line num="204" count="120" type="stmt"/>
        <line num="205" count="120" type="stmt"/>
        <line num="207" count="120" type="stmt"/>
        <line num="208" count="120" type="stmt"/>
        <line num="209" count="120" type="stmt"/>
        <line num="210" count="120" type="stmt"/>
        <line num="211" count="0" type="stmt"/>
        <line num="213" count="120" type="stmt"/>
        <line num="214" count="120" type="stmt"/>
        <line num="216" count="120" type="cond" truecount="1" falsecount="0"/>
        <line num="217" count="122" type="stmt"/>
        <line num="218" count="122" type="stmt"/>
        <line num="219" count="122" type="stmt"/>
        <line num="220" count="122" type="cond" truecount="1" falsecount="0"/>
        <line num="221" count="222" type="stmt"/>
        <line num="222" count="222" type="stmt"/>
        <line num="223" count="122" type="stmt"/>
        <line num="224" count="122" type="stmt"/>
        <line num="225" count="122" type="stmt"/>
        <line num="226" count="122" type="stmt"/>
        <line num="227" count="120" type="stmt"/>
        <line num="228" count="120" type="stmt"/>
        <line num="230" count="120" type="stmt"/>
        <line num="231" count="120" type="stmt"/>
        <line num="232" count="120" type="stmt"/>
        <line num="234" count="120" type="stmt"/>
        <line num="235" count="120" type="stmt"/>
        <line num="236" count="120" type="stmt"/>
        <line num="238" count="120" type="stmt"/>
        <line num="239" count="120" type="stmt"/>
        <line num="240" count="120" type="stmt"/>
        <line num="242" count="120" type="stmt"/>
        <line num="243" count="120" type="cond" truecount="1" falsecount="0"/>
        <line num="244" count="120" type="stmt"/>
        <line num="245" count="120" type="stmt"/>
        <line num="246" count="120" type="stmt"/>
        <line num="248" count="120" type="stmt"/>
        <line num="249" count="120" type="stmt"/>
        <line num="250" count="120" type="stmt"/>
        <line num="251" count="120" type="stmt"/>
        <line num="252" count="120" type="stmt"/>
        <line num="253" count="120" type="stmt"/>
        <line num="255" count="120" type="stmt"/>
        <line num="256" count="120" type="stmt"/>
        <line num="257" count="0" type="stmt"/>
        <line num="258" count="0" type="stmt"/>
        <line num="259" count="120" type="stmt"/>
        <line num="260" count="120" type="stmt"/>
        <line num="261" count="120" type="stmt"/>
        <line num="263" count="120" type="stmt"/>
        <line num="264" count="120" type="stmt"/>
        <line num="265" count="120" type="stmt"/>
        <line num="266" count="120" type="stmt"/>
        <line num="267" count="120" type="stmt"/>
        <line num="268" count="120" type="cond" truecount="0" falsecount="1"/>
        <line num="269" count="0" type="stmt"/>
        <line num="270" count="0" type="stmt"/>
        <line num="271" count="0" type="stmt"/>
        <line num="272" count="0" type="stmt"/>
        <line num="273" count="0" type="stmt"/>
        <line num="274" count="0" type="stmt"/>
        <line num="275" count="0" type="stmt"/>
        <line num="276" count="0" type="stmt"/>
        <line num="278" count="120" type="stmt"/>
        <line num="280" count="120" type="stmt"/>
        <line num="281" count="120" type="stmt"/>
        <line num="282" count="0" type="stmt"/>
        <line num="283" count="0" type="stmt"/>
        <line num="284" count="120" type="stmt"/>
        <line num="285" count="120" type="stmt"/>
        <line num="286" count="120" type="stmt"/>
        <line num="288" count="120" type="stmt"/>
        <line num="289" count="120" type="stmt"/>
        <line num="290" count="120" type="stmt"/>
        <line num="291" count="120" type="stmt"/>
        <line num="292" count="120" type="stmt"/>
        <line num="293" count="120" type="stmt"/>
        <line num="295" count="120" type="stmt"/>
        <line num="296" count="120" type="cond" truecount="1" falsecount="0"/>
        <line num="297" count="120" type="stmt"/>
        <line num="298" count="120" type="stmt"/>
        <line num="299" count="120" type="stmt"/>
        <line num="300" count="120" type="stmt"/>
        <line num="302" count="120" type="stmt"/>
        <line num="303" count="120" type="stmt"/>
        <line num="304" count="120" type="stmt"/>
        <line num="305" count="120" type="stmt"/>
        <line num="306" count="120" type="stmt"/>
        <line num="307" count="120" type="stmt"/>
        <line num="309" count="120" type="stmt"/>
      </file>
      <file name="CardTrigger.tsx" path="/Volumes/Disk-ito/Ari/Saved Projects/Coding/Todo-App/src/components/CardTrigger.tsx">
        <metrics statements="25" coveredstatements="25" conditionals="2" coveredconditionals="2" methods="2" coveredmethods="2"/>
        <line num="1" count="1" type="stmt"/>
        <line num="2" count="1" type="stmt"/>
        <line num="3" count="1" type="stmt"/>
        <line num="4" count="1" type="stmt"/>
        <line num="6" count="1" type="cond" truecount="1" falsecount="0"/>
        <line num="7" count="59" type="stmt"/>
        <line num="8" count="59" type="stmt"/>
        <line num="10" count="59" type="cond" truecount="1" falsecount="0"/>
        <line num="11" count="14" type="stmt"/>
        <line num="12" count="14" type="stmt"/>
        <line num="13" count="14" type="stmt"/>
        <line num="14" count="14" type="stmt"/>
        <line num="16" count="59" type="stmt"/>
        <line num="17" count="59" type="stmt"/>
        <line num="18" count="59" type="stmt"/>
        <line num="19" count="59" type="stmt"/>
        <line num="20" count="59" type="stmt"/>
        <line num="21" count="59" type="stmt"/>
        <line num="22" count="59" type="stmt"/>
        <line num="23" count="59" type="stmt"/>
        <line num="24" count="59" type="stmt"/>
        <line num="25" count="59" type="stmt"/>
        <line num="26" count="59" type="stmt"/>
        <line num="27" count="59" type="stmt"/>
        <line num="29" count="59" type="stmt"/>
      </file>
      <file name="ColorPicker.tsx" path="/Volumes/Disk-ito/Ari/Saved Projects/Coding/Todo-App/src/components/ColorPicker.tsx">
        <metrics statements="31" coveredstatements="31" conditionals="6" coveredconditionals="6" methods="3" coveredmethods="2"/>
        <line num="1" count="1" type="stmt"/>
        <line num="2" count="1" type="stmt"/>
        <line num="5" count="1" type="stmt"/>
        <line num="6" count="1" type="cond" truecount="1" falsecount="0"/>
        <line num="7" count="6" type="cond" truecount="1" falsecount="0"/>
        <line num="8" count="2" type="stmt"/>
        <line num="9" count="2" type="stmt"/>
        <line num="10" count="2" type="stmt"/>
        <line num="11" count="2" type="stmt"/>
        <line num="13" count="6" type="stmt"/>
        <line num="14" count="6" type="stmt"/>
        <line num="15" count="6" type="stmt"/>
        <line num="16" count="6" type="stmt"/>
        <line num="17" count="6" type="stmt"/>
        <line num="19" count="6" type="stmt"/>
        <line num="20" count="6" type="cond" truecount="1" falsecount="0"/>
        <line num="21" count="54" type="stmt"/>
        <line num="22" count="54" type="stmt"/>
        <line num="23" count="54" type="cond" truecount="1" falsecount="0"/>
        <line num="24" count="54" type="stmt"/>
        <line num="25" count="54" type="cond" truecount="1" falsecount="0"/>
        <line num="26" count="1" type="cond" truecount="1" falsecount="0"/>
        <line num="27" count="53" type="stmt"/>
        <line num="28" count="54" type="stmt"/>
        <line num="29" count="54" type="stmt"/>
        <line num="30" count="54" type="stmt"/>
        <line num="31" count="6" type="stmt"/>
        <line num="32" count="6" type="stmt"/>
        <line num="33" count="6" type="stmt"/>
        <line num="35" count="6" type="stmt"/>
        <line num="36" count="1" type="stmt"/>
      </file>
      <file name="Icon.tsx" path="/Volumes/Disk-ito/Ari/Saved Projects/Coding/Todo-App/src/components/Icon.tsx">
        <metrics statements="26" coveredstatements="26" conditionals="3" coveredconditionals="1" methods="1" coveredmethods="1"/>
        <line num="1" count="1" type="stmt"/>
        <line num="4" count="1" type="cond" truecount="1" falsecount="0"/>
        <line num="5" count="1016" type="stmt"/>
        <line num="6" count="1016" type="stmt"/>
        <line num="7" count="1016" type="stmt"/>
        <line num="8" count="1016" type="stmt"/>
        <line num="9" count="1016" type="stmt"/>
        <line num="10" count="1016" type="stmt"/>
        <line num="11" count="1016" type="cond" truecount="0" falsecount="1"/>
        <line num="12" count="1016" type="stmt"/>
        <line num="13" count="1016" type="cond" truecount="0" falsecount="1"/>
        <line num="15" count="1016" type="stmt"/>
        <line num="16" count="1016" type="stmt"/>
        <line num="17" count="1016" type="stmt"/>
        <line num="18" count="1016" type="stmt"/>
        <line num="19" count="1016" type="stmt"/>
        <line num="20" count="1016" type="stmt"/>
        <line num="21" count="1016" type="stmt"/>
        <line num="22" count="1016" type="stmt"/>
        <line num="23" count="1016" type="stmt"/>
        <line num="24" count="1016" type="stmt"/>
        <line num="25" count="1016" type="stmt"/>
        <line num="26" count="1016" type="stmt"/>
        <line num="27" count="1016" type="stmt"/>
        <line num="29" count="1016" type="stmt"/>
        <line num="31" count="1" type="stmt"/>
      </file>
      <file name="TodoItem.tsx" path="/Volumes/Disk-ito/Ari/Saved Projects/Coding/Todo-App/src/components/TodoItem.tsx">
        <metrics statements="72" coveredstatements="72" conditionals="16" coveredconditionals="16" methods="4" coveredmethods="3"/>
        <line num="2" count="1" type="stmt"/>
        <line num="3" count="1" type="stmt"/>
        <line num="4" count="1" type="stmt"/>
        <line num="5" count="1" type="stmt"/>
        <line num="6" count="1" type="cond" truecount="1" falsecount="0"/>
        <line num="7" count="212" type="stmt"/>
        <line num="9" count="212" type="cond" truecount="1" falsecount="0"/>
        <line num="10" count="49" type="stmt"/>
        <line num="11" count="212" type="stmt"/>
        <line num="13" count="212" type="cond" truecount="1" falsecount="0"/>
        <line num="14" count="16" type="stmt"/>
        <line num="15" count="16" type="stmt"/>
        <line num="16" count="16" type="stmt"/>
        <line num="18" count="212" type="cond" truecount="1" falsecount="0"/>
        <line num="19" count="1" type="stmt"/>
        <line num="20" count="1" type="stmt"/>
        <line num="22" count="212" type="cond" truecount="2" falsecount="0"/>
        <line num="23" count="3" type="stmt"/>
        <line num="24" count="3" type="stmt"/>
        <line num="25" count="3" type="stmt"/>
        <line num="27" count="212" type="stmt"/>
        <line num="28" count="212" type="stmt"/>
        <line num="29" count="212" type="stmt"/>
        <line num="30" count="212" type="stmt"/>
        <line num="31" count="212" type="stmt"/>
        <line num="32" count="212" type="stmt"/>
        <line num="33" count="212" type="stmt"/>
        <line num="34" count="212" type="stmt"/>
        <line num="35" count="212" type="stmt"/>
        <line num="36" count="212" type="stmt"/>
        <line num="37" count="212" type="stmt"/>
        <line num="38" count="212" type="stmt"/>
        <line num="40" count="212" type="stmt"/>
        <line num="41" count="212" type="stmt"/>
        <line num="42" count="212" type="stmt"/>
        <line num="43" count="212" type="stmt"/>
        <line num="44" count="212" type="stmt"/>
        <line num="45" count="212" type="stmt"/>
        <line num="47" count="212" type="stmt"/>
        <line num="48" count="212" type="stmt"/>
        <line num="49" count="212" type="cond" truecount="1" falsecount="0"/>
        <line num="51" count="212" type="stmt"/>
        <line num="52" count="212" type="cond" truecount="2" falsecount="0"/>
        <line num="53" count="212" type="stmt"/>
        <line num="54" count="212" type="cond" truecount="2" falsecount="0"/>
        <line num="55" count="212" type="stmt"/>
        <line num="56" count="212" type="stmt"/>
        <line num="57" count="212" type="stmt"/>
        <line num="58" count="212" type="stmt"/>
        <line num="59" count="212" type="stmt"/>
        <line num="60" count="212" type="stmt"/>
        <line num="61" count="212" type="stmt"/>
        <line num="62" count="212" type="stmt"/>
        <line num="63" count="212" type="cond" truecount="2" falsecount="0"/>
        <line num="64" count="212" type="stmt"/>
        <line num="65" count="212" type="stmt"/>
        <line num="66" count="212" type="cond" truecount="2" falsecount="0"/>
        <line num="67" count="212" type="stmt"/>
        <line num="68" count="212" type="stmt"/>
        <line num="69" count="212" type="stmt"/>
        <line num="70" count="212" type="cond" truecount="1" falsecount="0"/>
        <line num="71" count="212" type="stmt"/>
        <line num="72" count="212" type="stmt"/>
        <line num="74" count="212" type="stmt"/>
        <line num="75" count="212" type="stmt"/>
        <line num="76" count="212" type="stmt"/>
        <line num="77" count="212" type="stmt"/>
        <line num="78" count="212" type="stmt"/>
        <line num="79" count="212" type="stmt"/>
        <line num="80" count="212" type="stmt"/>
        <line num="82" count="212" type="stmt"/>
        <line num="83" count="1" type="stmt"/>
      </file>
    </package>
    <package name="Todo-App.src.constants">
      <metrics statements="18" coveredstatements="18" conditionals="1" coveredconditionals="1" methods="1" coveredmethods="1"/>
      <file name="colors.ts" path="/Volumes/Disk-ito/Ari/Saved Projects/Coding/Todo-App/src/constants/colors.ts">
        <metrics statements="18" coveredstatements="18" conditionals="1" coveredconditionals="1" methods="1" coveredmethods="1"/>
        <line num="2" count="1" type="stmt"/>
        <line num="3" count="1" type="stmt"/>
        <line num="4" count="1" type="stmt"/>
        <line num="5" count="1" type="stmt"/>
        <line num="6" count="1" type="stmt"/>
        <line num="7" count="1" type="stmt"/>
        <line num="8" count="1" type="stmt"/>
        <line num="9" count="1" type="stmt"/>
        <line num="10" count="1" type="stmt"/>
        <line num="11" count="1" type="stmt"/>
        <line num="12" count="1" type="stmt"/>
        <line num="15" count="1" type="stmt"/>
        <line num="16" count="1" type="stmt"/>
        <line num="17" count="1" type="stmt"/>
        <line num="19" count="1" type="cond" truecount="1" falsecount="0"/>
        <line num="20" count="1141" type="stmt"/>
        <line num="21" count="1141" type="stmt"/>
        <line num="22" count="1141" type="stmt"/>
      </file>
    </package>
    <package name="Todo-App.src.context">
      <metrics statements="87" coveredstatements="86" conditionals="32" coveredconditionals="31" methods="6" coveredmethods="6"/>
      <file name="CardBoardContext.tsx" path="/Volumes/Disk-ito/Ari/Saved Projects/Coding/Todo-App/src/context/CardBoardContext.tsx">
        <metrics statements="55" coveredstatements="54" conditionals="23" coveredconditionals="22" methods="4" coveredmethods="4"/>
        <line num="1" count="1" type="stmt"/>
        <line num="7" count="1" type="stmt"/>
        <line num="9" count="1" type="stmt"/>
        <line num="10" count="1" type="cond" truecount="1" falsecount="0"/>
        <line num="11" count="48" type="stmt"/>
        <line num="12" count="48" type="cond" truecount="2" falsecount="0"/>
        <line num="13" count="1" type="stmt"/>
        <line num="14" count="1" type="stmt"/>
        <line num="15" count="48" type="stmt"/>
        <line num="16" count="48" type="cond" truecount="1" falsecount="0"/>
        <line num="17" count="1" type="stmt"/>
        <line num="18" count="1" type="stmt"/>
        <line num="19" count="48" type="stmt"/>
        <line num="20" count="1" type="cond" truecount="1" falsecount="0"/>
        <line num="21" count="91" type="stmt"/>
        <line num="22" count="91" type="stmt"/>
        <line num="23" count="91" type="cond" truecount="0" falsecount="1"/>
        <line num="25" count="0" type="stmt"/>
        <line num="26" count="91" type="stmt"/>
        <line num="28" count="1" type="cond" truecount="1" falsecount="0"/>
        <line num="29" count="91" type="stmt"/>
        <line num="31" count="91" type="cond" truecount="1" falsecount="0"/>
        <line num="32" count="42" type="cond" truecount="1" falsecount="0"/>
        <line num="33" count="42" type="cond" truecount="1" falsecount="0"/>
        <line num="34" count="42" type="cond" truecount="1" falsecount="0"/>
        <line num="35" count="10" type="cond" truecount="1" falsecount="0"/>
        <line num="36" count="11" type="cond" truecount="1" falsecount="0"/>
        <line num="37" count="10" type="cond" truecount="1" falsecount="0"/>
        <line num="38" count="1" type="stmt"/>
        <line num="39" count="10" type="stmt"/>
        <line num="40" count="42" type="cond" truecount="1" falsecount="0"/>
        <line num="41" count="32" type="stmt"/>
        <line num="42" count="32" type="stmt"/>
        <line num="43" count="42" type="stmt"/>
        <line num="44" count="91" type="stmt"/>
        <line num="46" count="91" type="cond" truecount="1" falsecount="0"/>
        <line num="47" count="5" type="cond" truecount="2" falsecount="0"/>
        <line num="48" count="91" type="stmt"/>
        <line num="50" count="91" type="cond" truecount="1" falsecount="0"/>
        <line num="51" count="91" type="stmt"/>
        <line num="52" count="91" type="stmt"/>
        <line num="55" count="91" type="cond" truecount="1" falsecount="0"/>
        <line num="56" count="91" type="stmt"/>
        <line num="57" count="91" type="stmt"/>
        <line num="58" count="91" type="stmt"/>
        <line num="59" count="91" type="stmt"/>
        <line num="61" count="91" type="stmt"/>
        <line num="62" count="91" type="stmt"/>
        <line num="64" count="1" type="cond" truecount="1" falsecount="0"/>
        <line num="65" count="337" type="stmt"/>
        <line num="66" count="337" type="cond" truecount="1" falsecount="0"/>
        <line num="67" count="2" type="stmt"/>
        <line num="68" count="2" type="cond" truecount="1" falsecount="0"/>
        <line num="69" count="335" type="stmt"/>
        <line num="70" count="335" type="stmt"/>
      </file>
      <file name="CardEditorContext.tsx" path="/Volumes/Disk-ito/Ari/Saved Projects/Coding/Todo-App/src/context/CardEditorContext.tsx">
        <metrics statements="32" coveredstatements="32" conditionals="9" coveredconditionals="9" methods="2" coveredmethods="2"/>
        <line num="1" count="1" type="stmt"/>
        <line num="17" count="1" type="stmt"/>
        <line num="19" count="1" type="cond" truecount="1" falsecount="0"/>
        <line num="20" count="320" type="stmt"/>
        <line num="21" count="320" type="cond" truecount="1" falsecount="0"/>
        <line num="22" count="2" type="stmt"/>
        <line num="23" count="2" type="cond" truecount="1" falsecount="0"/>
        <line num="24" count="318" type="stmt"/>
        <line num="25" count="318" type="stmt"/>
        <line num="27" count="1" type="cond" truecount="1" falsecount="0"/>
        <line num="28" count="87" type="stmt"/>
        <line num="30" count="87" type="cond" truecount="1" falsecount="0"/>
        <line num="31" count="26" type="stmt"/>
        <line num="32" count="87" type="stmt"/>
        <line num="34" count="87" type="cond" truecount="1" falsecount="0"/>
        <line num="35" count="14" type="stmt"/>
        <line num="36" count="87" type="stmt"/>
        <line num="38" count="87" type="cond" truecount="1" falsecount="0"/>
        <line num="39" count="46" type="cond" truecount="1" falsecount="0"/>
        <line num="40" count="87" type="stmt"/>
        <line num="42" count="87" type="cond" truecount="1" falsecount="0"/>
        <line num="43" count="87" type="stmt"/>
        <line num="44" count="87" type="stmt"/>
        <line num="45" count="87" type="stmt"/>
        <line num="46" count="87" type="stmt"/>
        <line num="47" count="87" type="stmt"/>
        <line num="48" count="87" type="stmt"/>
        <line num="50" count="87" type="stmt"/>
        <line num="51" count="87" type="stmt"/>
        <line num="52" count="87" type="stmt"/>
        <line num="53" count="87" type="stmt"/>
        <line num="55" count="87" type="stmt"/>
      </file>
    </package>
    <package name="Todo-App.src.hooks">
      <metrics statements="30" coveredstatements="30" conditionals="13" coveredconditionals="13" methods="1" coveredmethods="1"/>
      <file name="useTodoCardSave.ts" path="/Volumes/Disk-ito/Ari/Saved Projects/Coding/Todo-App/src/hooks/useTodoCardSave.ts">
        <metrics statements="30" coveredstatements="30" conditionals="13" coveredconditionals="13" methods="1" coveredmethods="1"/>
        <line num="1" count="1" type="stmt"/>
        <line num="3" count="1" type="stmt"/>
        <line num="4" count="1" type="stmt"/>
        <line num="5" count="1" type="stmt"/>
        <line num="7" count="1" type="cond" truecount="1" falsecount="0"/>
        <line num="8" count="12" type="stmt"/>
        <line num="10" count="12" type="cond" truecount="1" falsecount="0"/>
        <line num="11" count="7" type="cond" truecount="2" falsecount="0"/>
        <line num="12" count="5" type="stmt"/>
        <line num="14" count="12" type="stmt"/>
        <line num="15" count="12" type="cond" truecount="1" falsecount="0"/>
        <line num="16" count="12" type="stmt"/>
        <line num="18" count="12" type="cond" truecount="1" falsecount="0"/>
        <line num="19" count="7" type="cond" truecount="1" falsecount="0"/>
        <line num="20" count="4" type="cond" truecount="2" falsecount="0"/>
        <line num="21" count="3" type="stmt"/>
        <line num="22" count="7" type="cond" truecount="1" falsecount="0"/>
        <line num="23" count="2" type="stmt"/>
        <line num="24" count="2" type="stmt"/>
        <line num="25" count="12" type="stmt"/>
        <line num="27" count="12" type="cond" truecount="1" falsecount="0"/>
        <line num="29" count="12" type="cond" truecount="1" falsecount="0"/>
        <line num="30" count="3" type="cond" truecount="1" falsecount="0"/>
        <line num="31" count="9" type="stmt"/>
        <line num="33" count="12" type="stmt"/>
        <line num="34" count="12" type="stmt"/>
        <line num="35" count="12" type="stmt"/>
        <line num="36" count="12" type="stmt"/>
        <line num="37" count="12" type="stmt"/>
        <line num="38" count="12" type="stmt"/>
      </file>
    </package>
    <package name="Todo-App.src.utils">
      <metrics statements="79" coveredstatements="79" conditionals="28" coveredconditionals="28" methods="11" coveredmethods="11"/>
      <file name="security.ts" path="/Volumes/Disk-ito/Ari/Saved Projects/Coding/Todo-App/src/utils/security.ts">
        <metrics statements="23" coveredstatements="23" conditionals="10" coveredconditionals="10" methods="3" coveredmethods="3"/>
        <line num="1" count="1" type="stmt"/>
        <line num="3" count="1" type="cond" truecount="1" falsecount="0"/>
        <line num="4" count="102" type="stmt"/>
        <line num="5" count="102" type="stmt"/>
        <line num="6" count="102" type="stmt"/>
        <line num="7" count="102" type="stmt"/>
        <line num="8" count="102" type="cond" truecount="2" falsecount="0"/>
        <line num="10" count="102" type="cond" truecount="2" falsecount="0"/>
        <line num="11" count="102" type="cond" truecount="1" falsecount="0"/>
        <line num="12" count="1" type="cond" truecount="1" falsecount="0"/>
        <line num="13" count="100" type="stmt"/>
        <line num="15" count="102" type="stmt"/>
        <line num="16" count="102" type="stmt"/>
        <line num="17" count="102" type="stmt"/>
        <line num="18" count="102" type="stmt"/>
        <line num="19" count="102" type="stmt"/>
        <line num="20" count="102" type="stmt"/>
        <line num="22" count="1" type="cond" truecount="1" falsecount="0"/>
        <line num="23" count="99" type="cond" truecount="1" falsecount="0"/>
        <line num="24" count="99" type="stmt"/>
        <line num="26" count="1" type="cond" truecount="1" falsecount="0"/>
        <line num="27" count="4" type="stmt"/>
        <line num="28" count="4" type="stmt"/>
      </file>
      <file name="todoHelpers.ts" path="/Volumes/Disk-ito/Ari/Saved Projects/Coding/Todo-App/src/utils/todoHelpers.ts">
        <metrics statements="56" coveredstatements="56" conditionals="18" coveredconditionals="18" methods="8" coveredmethods="8"/>
        <line num="3" count="1" type="cond" truecount="1" falsecount="0"/>
        <line num="4" count="50" type="cond" truecount="1" falsecount="0"/>
        <line num="5" count="1550" type="stmt"/>
        <line num="6" count="1550" type="cond" truecount="2" falsecount="0"/>
        <line num="7" count="1550" type="stmt"/>
        <line num="8" count="50" type="stmt"/>
        <line num="9" count="50" type="stmt"/>
        <line num="11" count="1" type="cond" truecount="1" falsecount="0"/>
        <line num="12" count="4" type="stmt"/>
        <line num="13" count="4" type="stmt"/>
        <line num="14" count="4" type="stmt"/>
        <line num="15" count="4" type="stmt"/>
        <line num="16" count="4" type="stmt"/>
        <line num="17" count="4" type="stmt"/>
        <line num="18" count="4" type="stmt"/>
        <line num="19" count="4" type="stmt"/>
        <line num="21" count="1" type="cond" truecount="1" falsecount="0"/>
        <line num="22" count="3" type="stmt"/>
        <line num="23" count="3" type="cond" truecount="1" falsecount="0"/>
        <line num="24" count="3" type="stmt"/>
        <line num="25" count="3" type="stmt"/>
        <line num="27" count="1" type="cond" truecount="1" falsecount="0"/>
        <line num="28" count="3" type="stmt"/>
        <line num="29" count="3" type="cond" truecount="1" falsecount="0"/>
        <line num="30" count="6" type="cond" truecount="2" falsecount="0"/>
        <line num="31" count="3" type="stmt"/>
        <line num="32" count="3" type="stmt"/>
        <line num="33" count="3" type="stmt"/>
        <line num="35" count="1" type="cond" truecount="1" falsecount="0"/>
        <line num="36" count="4" type="stmt"/>
        <line num="37" count="4" type="cond" truecount="1" falsecount="0"/>
        <line num="38" count="8" type="cond" truecount="2" falsecount="0"/>
        <line num="39" count="4" type="stmt"/>
        <line num="40" count="4" type="stmt"/>
        <line num="41" count="4" type="stmt"/>
        <line num="43" count="1" type="cond" truecount="1" falsecount="0"/>
        <line num="44" count="96" type="stmt"/>
        <line num="45" count="96" type="stmt"/>
        <line num="46" count="96" type="stmt"/>
        <line num="47" count="96" type="stmt"/>
        <line num="49" count="1" type="cond" truecount="1" falsecount="0"/>
        <line num="50" count="2" type="stmt"/>
        <line num="51" count="2" type="stmt"/>
        <line num="52" count="2" type="stmt"/>
        <line num="53" count="2" type="stmt"/>
        <line num="55" count="1" type="cond" truecount="1" falsecount="0"/>
        <line num="56" count="23" type="stmt"/>
        <line num="57" count="23" type="stmt"/>
        <line num="58" count="23" type="stmt"/>
        <line num="59" count="23" type="stmt"/>
        <line num="60" count="23" type="stmt"/>
        <line num="61" count="23" type="stmt"/>
        <line num="62" count="23" type="stmt"/>
        <line num="63" count="23" type="stmt"/>
        <line num="64" count="23" type="stmt"/>
        <line num="65" count="23" type="stmt"/>
      </file>
    </package>
  </project>
</coverage>
