{"/Volumes/Disk-ito/Ari/Saved Projects/Coding/Todo-App/tailwind.config.js": {"path":"/Volumes/Disk-ito/Ari/Saved Projects/Coding/Todo-App/tailwind.config.js","all":true,"statementMap":{"0":{"start":{"line":1,"column":0},"end":{"line":1,"column":43}},"1":{"start":{"line":2,"column":0},"end":{"line":2,"column":16}},"2":{"start":{"line":3,"column":0},"end":{"line":3,"column":12}},"3":{"start":{"line":4,"column":0},"end":{"line":4,"column":19}},"4":{"start":{"line":5,"column":0},"end":{"line":5,"column":33}},"5":{"start":{"line":6,"column":0},"end":{"line":6,"column":4}},"6":{"start":{"line":7,"column":0},"end":{"line":7,"column":10}},"7":{"start":{"line":8,"column":0},"end":{"line":8,"column":15}},"8":{"start":{"line":9,"column":0},"end":{"line":9,"column":4}},"9":{"start":{"line":10,"column":0},"end":{"line":10,"column":14}},"10":{"start":{"line":11,"column":0},"end":{"line":11,"column":1}}},"s":{"0":0,"1":0,"2":0,"3":0,"4":0,"5":0,"6":0,"7":0,"8":0,"9":0,"10":0},"branchMap":{"0":{"type":"branch","line":1,"loc":{"start":{"line":1,"column":0},"end":{"line":11,"column":1}},"locations":[{"start":{"line":1,"column":0},"end":{"line":11,"column":1}}]}},"b":{"0":[0]},"fnMap":{"0":{"name":"(empty-report)","decl":{"start":{"line":1,"column":0},"end":{"line":11,"column":1}},"loc":{"start":{"line":1,"column":0},"end":{"line":11,"column":1}},"line":1}},"f":{"0":0}}
,"/Volumes/Disk-ito/Ari/Saved Projects/Coding/Todo-App/src/App.tsx": {"path":"/Volumes/Disk-ito/Ari/Saved Projects/Coding/Todo-App/src/App.tsx","all":false,"statementMap":{"0":{"start":{"line":1,"column":0},"end":{"line":1,"column":63}},"1":{"start":{"line":2,"column":0},"end":{"line":2,"column":87}},"2":{"start":{"line":3,"column":0},"end":{"line":3,"column":55}},"3":{"start":{"line":4,"column":0},"end":{"line":4,"column":51}},"4":{"start":{"line":5,"column":0},"end":{"line":5,"column":53}},"6":{"start":{"line":7,"column":0},"end":{"line":7,"column":23}},"7":{"start":{"line":8,"column":0},"end":{"line":8,"column":51}},"11":{"start":{"line":12,"column":0},"end":{"line":12,"column":10}},"12":{"start":{"line":13,"column":0},"end":{"line":13,"column":61}},"13":{"start":{"line":14,"column":0},"end":{"line":14,"column":21}},"14":{"start":{"line":15,"column":0},"end":{"line":15,"column":19}},"15":{"start":{"line":16,"column":0},"end":{"line":16,"column":25}},"16":{"start":{"line":17,"column":0},"end":{"line":17,"column":19}},"17":{"start":{"line":18,"column":0},"end":{"line":18,"column":39}},"18":{"start":{"line":19,"column":0},"end":{"line":19,"column":10}},"20":{"start":{"line":21,"column":0},"end":{"line":21,"column":10}},"22":{"start":{"line":23,"column":0},"end":{"line":23,"column":1}},"24":{"start":{"line":25,"column":0},"end":{"line":25,"column":16}},"25":{"start":{"line":26,"column":0},"end":{"line":26,"column":10}},"26":{"start":{"line":27,"column":0},"end":{"line":27,"column":23}},"27":{"start":{"line":28,"column":0},"end":{"line":28,"column":26}},"28":{"start":{"line":29,"column":0},"end":{"line":29,"column":22}},"29":{"start":{"line":30,"column":0},"end":{"line":30,"column":27}},"30":{"start":{"line":31,"column":0},"end":{"line":31,"column":24}},"32":{"start":{"line":33,"column":0},"end":{"line":33,"column":1}},"34":{"start":{"line":35,"column":0},"end":{"line":35,"column":19}}},"s":{"0":1,"1":1,"2":1,"3":1,"4":1,"6":51,"7":51,"11":51,"12":51,"13":51,"14":51,"15":51,"16":15,"17":15,"18":15,"20":51,"22":51,"24":24,"25":24,"26":24,"27":24,"28":24,"29":24,"30":24,"32":24,"34":1},"branchMap":{"0":{"type":"branch","line":7,"loc":{"start":{"line":7,"column":0},"end":{"line":23,"column":1}},"locations":[{"start":{"line":7,"column":0},"end":{"line":23,"column":1}}]},"1":{"type":"branch","line":16,"loc":{"start":{"line":16,"column":7},"end":{"line":19,"column":10}},"locations":[{"start":{"line":16,"column":7},"end":{"line":19,"column":10}}]},"2":{"type":"branch","line":25,"loc":{"start":{"line":25,"column":0},"end":{"line":33,"column":1}},"locations":[{"start":{"line":25,"column":0},"end":{"line":33,"column":1}}]}},"b":{"0":[51],"1":[15],"2":[24]},"fnMap":{"0":{"name":"AppContent","decl":{"start":{"line":7,"column":0},"end":{"line":23,"column":1}},"loc":{"start":{"line":7,"column":0},"end":{"line":23,"column":1}},"line":7},"1":{"name":"App","decl":{"start":{"line":25,"column":0},"end":{"line":33,"column":1}},"loc":{"start":{"line":25,"column":0},"end":{"line":33,"column":1}},"line":25}},"f":{"0":51,"1":24}}
,"/Volumes/Disk-ito/Ari/Saved Projects/Coding/Todo-App/src/main.tsx": {"path":"/Volumes/Disk-ito/Ari/Saved Projects/Coding/Todo-App/src/main.tsx","all":true,"statementMap":{"0":{"start":{"line":1,"column":0},"end":{"line":1,"column":34}},"1":{"start":{"line":2,"column":0},"end":{"line":2,"column":45}},"2":{"start":{"line":3,"column":0},"end":{"line":3,"column":20}},"3":{"start":{"line":4,"column":0},"end":{"line":4,"column":27}},"4":{"start":{"line":5,"column":0},"end":{"line":5,"column":0}},"5":{"start":{"line":6,"column":0},"end":{"line":6,"column":52}},"6":{"start":{"line":7,"column":0},"end":{"line":7,"column":14}},"7":{"start":{"line":8,"column":0},"end":{"line":8,"column":11}},"8":{"start":{"line":9,"column":0},"end":{"line":9,"column":16}},"9":{"start":{"line":10,"column":0},"end":{"line":10,"column":1}}},"s":{"0":0,"1":0,"2":0,"3":0,"4":0,"5":0,"6":0,"7":0,"8":0,"9":0},"branchMap":{"0":{"type":"branch","line":1,"loc":{"start":{"line":1,"column":0},"end":{"line":10,"column":1}},"locations":[{"start":{"line":1,"column":0},"end":{"line":10,"column":1}}]}},"b":{"0":[0]},"fnMap":{"0":{"name":"(empty-report)","decl":{"start":{"line":1,"column":0},"end":{"line":10,"column":1}},"loc":{"start":{"line":1,"column":0},"end":{"line":10,"column":1}},"line":1}},"f":{"0":0}}
,"/Volumes/Disk-ito/Ari/Saved Projects/Coding/Todo-App/src/types.ts": {"path":"/Volumes/Disk-ito/Ari/Saved Projects/Coding/Todo-App/src/types.ts","all":true,"statementMap":{"0":{"start":{"line":1,"column":0},"end":{"line":1,"column":80}},"1":{"start":{"line":2,"column":0},"end":{"line":2,"column":15}},"2":{"start":{"line":3,"column":0},"end":{"line":3,"column":80}},"3":{"start":{"line":4,"column":0},"end":{"line":4,"column":0}},"4":{"start":{"line":5,"column":0},"end":{"line":5,"column":23}},"5":{"start":{"line":6,"column":0},"end":{"line":6,"column":13}},"6":{"start":{"line":7,"column":0},"end":{"line":7,"column":15}},"7":{"start":{"line":8,"column":0},"end":{"line":8,"column":21}},"8":{"start":{"line":9,"column":0},"end":{"line":9,"column":1}},"9":{"start":{"line":10,"column":0},"end":{"line":10,"column":0}},"10":{"start":{"line":11,"column":0},"end":{"line":11,"column":31}},"11":{"start":{"line":12,"column":0},"end":{"line":12,"column":13}},"12":{"start":{"line":13,"column":0},"end":{"line":13,"column":16}},"13":{"start":{"line":14,"column":0},"end":{"line":14,"column":16}},"14":{"start":{"line":15,"column":0},"end":{"line":15,"column":18}},"15":{"start":{"line":16,"column":0},"end":{"line":16,"column":26}},"16":{"start":{"line":17,"column":0},"end":{"line":17,"column":1}},"17":{"start":{"line":18,"column":0},"end":{"line":18,"column":0}},"18":{"start":{"line":19,"column":0},"end":{"line":19,"column":43}},"19":{"start":{"line":20,"column":0},"end":{"line":20,"column":0}},"20":{"start":{"line":21,"column":0},"end":{"line":21,"column":80}},"21":{"start":{"line":22,"column":0},"end":{"line":22,"column":18}},"22":{"start":{"line":23,"column":0},"end":{"line":23,"column":80}},"23":{"start":{"line":24,"column":0},"end":{"line":24,"column":0}},"24":{"start":{"line":25,"column":0},"end":{"line":25,"column":35}},"25":{"start":{"line":26,"column":0},"end":{"line":26,"column":17}},"26":{"start":{"line":27,"column":0},"end":{"line":27,"column":50}},"27":{"start":{"line":28,"column":0},"end":{"line":28,"column":1}},"28":{"start":{"line":29,"column":0},"end":{"line":29,"column":0}},"29":{"start":{"line":30,"column":0},"end":{"line":30,"column":34}},"30":{"start":{"line":31,"column":0},"end":{"line":31,"column":17}},"31":{"start":{"line":32,"column":0},"end":{"line":32,"column":1}},"32":{"start":{"line":33,"column":0},"end":{"line":33,"column":0}},"33":{"start":{"line":34,"column":0},"end":{"line":34,"column":32}},"34":{"start":{"line":35,"column":0},"end":{"line":35,"column":13}},"35":{"start":{"line":36,"column":0},"end":{"line":36,"column":33}},"36":{"start":{"line":37,"column":0},"end":{"line":37,"column":33}},"37":{"start":{"line":38,"column":0},"end":{"line":38,"column":49}},"38":{"start":{"line":39,"column":0},"end":{"line":39,"column":12}},"39":{"start":{"line":40,"column":0},"end":{"line":40,"column":39}},"40":{"start":{"line":41,"column":0},"end":{"line":41,"column":47}},"41":{"start":{"line":42,"column":0},"end":{"line":42,"column":23}},"42":{"start":{"line":43,"column":0},"end":{"line":43,"column":1}},"43":{"start":{"line":44,"column":0},"end":{"line":44,"column":0}},"44":{"start":{"line":45,"column":0},"end":{"line":45,"column":35}},"45":{"start":{"line":46,"column":0},"end":{"line":46,"column":25}},"46":{"start":{"line":47,"column":0},"end":{"line":47,"column":43}},"47":{"start":{"line":48,"column":0},"end":{"line":48,"column":22}},"48":{"start":{"line":49,"column":0},"end":{"line":49,"column":1}},"49":{"start":{"line":50,"column":0},"end":{"line":50,"column":0}},"50":{"start":{"line":51,"column":0},"end":{"line":51,"column":22}},"51":{"start":{"line":52,"column":0},"end":{"line":52,"column":10}},"52":{"start":{"line":53,"column":0},"end":{"line":53,"column":13}},"53":{"start":{"line":54,"column":0},"end":{"line":54,"column":11}},"54":{"start":{"line":55,"column":0},"end":{"line":55,"column":7}},"55":{"start":{"line":56,"column":0},"end":{"line":56,"column":13}},"56":{"start":{"line":57,"column":0},"end":{"line":57,"column":22}},"57":{"start":{"line":58,"column":0},"end":{"line":58,"column":20}},"58":{"start":{"line":59,"column":0},"end":{"line":59,"column":19}},"59":{"start":{"line":60,"column":0},"end":{"line":60,"column":0}},"60":{"start":{"line":61,"column":0},"end":{"line":61,"column":28}},"61":{"start":{"line":62,"column":0},"end":{"line":62,"column":17}},"62":{"start":{"line":63,"column":0},"end":{"line":63,"column":21}},"63":{"start":{"line":64,"column":0},"end":{"line":64,"column":60}},"64":{"start":{"line":65,"column":0},"end":{"line":65,"column":50}},"65":{"start":{"line":66,"column":0},"end":{"line":66,"column":17}},"66":{"start":{"line":67,"column":0},"end":{"line":67,"column":15}},"67":{"start":{"line":68,"column":0},"end":{"line":68,"column":1}},"68":{"start":{"line":69,"column":0},"end":{"line":69,"column":0}},"69":{"start":{"line":70,"column":0},"end":{"line":70,"column":80}},"70":{"start":{"line":71,"column":0},"end":{"line":71,"column":16}},"71":{"start":{"line":72,"column":0},"end":{"line":72,"column":80}},"72":{"start":{"line":73,"column":0},"end":{"line":73,"column":0}},"73":{"start":{"line":74,"column":0},"end":{"line":74,"column":39}},"74":{"start":{"line":75,"column":0},"end":{"line":75,"column":28}},"75":{"start":{"line":76,"column":0},"end":{"line":76,"column":0}},"76":{"start":{"line":77,"column":0},"end":{"line":77,"column":47}},"77":{"start":{"line":78,"column":0},"end":{"line":78,"column":39}},"78":{"start":{"line":79,"column":0},"end":{"line":79,"column":1}}},"s":{"0":0,"1":0,"2":0,"3":0,"4":0,"5":0,"6":0,"7":0,"8":0,"9":0,"10":0,"11":0,"12":0,"13":0,"14":0,"15":0,"16":0,"17":0,"18":0,"19":0,"20":0,"21":0,"22":0,"23":0,"24":0,"25":0,"26":0,"27":0,"28":0,"29":0,"30":0,"31":0,"32":0,"33":0,"34":0,"35":0,"36":0,"37":0,"38":0,"39":0,"40":0,"41":0,"42":0,"43":0,"44":0,"45":0,"46":0,"47":0,"48":0,"49":0,"50":0,"51":0,"52":0,"53":0,"54":0,"55":0,"56":0,"57":0,"58":0,"59":0,"60":0,"61":0,"62":0,"63":0,"64":0,"65":0,"66":0,"67":0,"68":0,"69":0,"70":0,"71":0,"72":0,"73":0,"74":0,"75":0,"76":0,"77":0,"78":0},"branchMap":{"0":{"type":"branch","line":1,"loc":{"start":{"line":1,"column":0},"end":{"line":79,"column":1}},"locations":[{"start":{"line":1,"column":0},"end":{"line":79,"column":1}}]}},"b":{"0":[0]},"fnMap":{"0":{"name":"(empty-report)","decl":{"start":{"line":1,"column":0},"end":{"line":79,"column":1}},"loc":{"start":{"line":1,"column":0},"end":{"line":79,"column":1}},"line":1}},"f":{"0":0}}
,"/Volumes/Disk-ito/Ari/Saved Projects/Coding/Todo-App/src/components/CardBoard.tsx": {"path":"/Volumes/Disk-ito/Ari/Saved Projects/Coding/Todo-App/src/components/CardBoard.tsx","all":false,"statementMap":{"0":{"start":{"line":1,"column":0},"end":{"line":1,"column":29}},"1":{"start":{"line":2,"column":0},"end":{"line":2,"column":44}},"2":{"start":{"line":3,"column":0},"end":{"line":3,"column":66}},"3":{"start":{"line":4,"column":0},"end":{"line":4,"column":68}},"5":{"start":{"line":6,"column":0},"end":{"line":6,"column":37}},"6":{"start":{"line":7,"column":0},"end":{"line":7,"column":46}},"7":{"start":{"line":8,"column":0},"end":{"line":8,"column":58}},"9":{"start":{"line":10,"column":0},"end":{"line":10,"column":10}},"10":{"start":{"line":11,"column":0},"end":{"line":11,"column":8}},"11":{"start":{"line":12,"column":0},"end":{"line":12,"column":29}},"12":{"start":{"line":13,"column":0},"end":{"line":13,"column":114}},"14":{"start":{"line":15,"column":0},"end":{"line":15,"column":32}},"15":{"start":{"line":16,"column":0},"end":{"line":16,"column":12}},"16":{"start":{"line":17,"column":0},"end":{"line":17,"column":23}},"17":{"start":{"line":18,"column":0},"end":{"line":18,"column":43}},"18":{"start":{"line":19,"column":0},"end":{"line":19,"column":49}},"19":{"start":{"line":20,"column":0},"end":{"line":20,"column":13}},"21":{"start":{"line":22,"column":0},"end":{"line":22,"column":22}},"22":{"start":{"line":23,"column":0},"end":{"line":23,"column":28}},"23":{"start":{"line":24,"column":0},"end":{"line":24,"column":74}},"24":{"start":{"line":25,"column":0},"end":{"line":25,"column":12}},"25":{"start":{"line":26,"column":0},"end":{"line":26,"column":14}},"26":{"start":{"line":27,"column":0},"end":{"line":27,"column":9}},"27":{"start":{"line":28,"column":0},"end":{"line":28,"column":10}},"29":{"start":{"line":30,"column":0},"end":{"line":30,"column":3}}},"s":{"0":1,"1":1,"2":1,"3":1,"5":1,"6":68,"7":68,"9":68,"10":68,"11":68,"12":68,"14":68,"15":41,"16":41,"17":41,"18":41,"19":41,"21":41,"22":41,"23":41,"24":41,"25":41,"26":68,"27":68,"29":68},"branchMap":{"0":{"type":"branch","line":6,"loc":{"start":{"line":6,"column":30},"end":{"line":30,"column":3}},"locations":[{"start":{"line":6,"column":30},"end":{"line":30,"column":3}}]},"1":{"type":"branch","line":15,"loc":{"start":{"line":15,"column":21},"end":{"line":26,"column":14}},"locations":[{"start":{"line":15,"column":21},"end":{"line":26,"column":14}}]},"2":{"type":"branch","line":19,"loc":{"start":{"line":19,"column":29},"end":{"line":19,"column":47}},"locations":[{"start":{"line":19,"column":29},"end":{"line":19,"column":47}}]},"3":{"type":"branch","line":19,"loc":{"start":{"line":19,"column":33},"end":{"line":19,"column":49}},"locations":[{"start":{"line":19,"column":33},"end":{"line":19,"column":49}}]},"4":{"type":"branch","line":24,"loc":{"start":{"line":24,"column":25},"end":{"line":24,"column":74}},"locations":[{"start":{"line":24,"column":25},"end":{"line":24,"column":74}}]}},"b":{"0":[68],"1":[41],"2":[17],"3":[24],"4":[6]},"fnMap":{"0":{"name":"onCardClick","decl":{"start":{"line":24,"column":25},"end":{"line":24,"column":74}},"loc":{"start":{"line":24,"column":25},"end":{"line":24,"column":74}},"line":24}},"f":{"0":6}}
,"/Volumes/Disk-ito/Ari/Saved Projects/Coding/Todo-App/src/components/CardDisplay.tsx": {"path":"/Volumes/Disk-ito/Ari/Saved Projects/Coding/Todo-App/src/components/CardDisplay.tsx","all":false,"statementMap":{"0":{"start":{"line":1,"column":0},"end":{"line":1,"column":80}},"1":{"start":{"line":2,"column":0},"end":{"line":2,"column":40}},"2":{"start":{"line":3,"column":0},"end":{"line":3,"column":38}},"3":{"start":{"line":4,"column":0},"end":{"line":4,"column":30}},"4":{"start":{"line":5,"column":0},"end":{"line":5,"column":44}},"5":{"start":{"line":6,"column":0},"end":{"line":6,"column":66}},"6":{"start":{"line":7,"column":0},"end":{"line":7,"column":8}},"13":{"start":{"line":14,"column":0},"end":{"line":14,"column":53}},"16":{"start":{"line":17,"column":0},"end":{"line":17,"column":80}},"17":{"start":{"line":18,"column":0},"end":{"line":18,"column":70}},"18":{"start":{"line":19,"column":0},"end":{"line":19,"column":64}},"19":{"start":{"line":20,"column":0},"end":{"line":20,"column":54}},"21":{"start":{"line":22,"column":0},"end":{"line":22,"column":14}},"22":{"start":{"line":23,"column":0},"end":{"line":23,"column":80}},"24":{"start":{"line":25,"column":0},"end":{"line":25,"column":38}},"25":{"start":{"line":26,"column":0},"end":{"line":26,"column":58}},"26":{"start":{"line":27,"column":0},"end":{"line":27,"column":21}},"27":{"start":{"line":28,"column":0},"end":{"line":28,"column":21}},"28":{"start":{"line":29,"column":0},"end":{"line":29,"column":24}},"29":{"start":{"line":30,"column":0},"end":{"line":30,"column":4}},"31":{"start":{"line":32,"column":0},"end":{"line":32,"column":63}},"32":{"start":{"line":33,"column":0},"end":{"line":33,"column":66}},"33":{"start":{"line":34,"column":0},"end":{"line":34,"column":28}},"34":{"start":{"line":35,"column":0},"end":{"line":35,"column":25}},"36":{"start":{"line":37,"column":0},"end":{"line":37,"column":43}},"37":{"start":{"line":38,"column":0},"end":{"line":38,"column":42}},"38":{"start":{"line":39,"column":0},"end":{"line":39,"column":28}},"39":{"start":{"line":40,"column":0},"end":{"line":40,"column":25}},"41":{"start":{"line":42,"column":0},"end":{"line":42,"column":60}},"42":{"start":{"line":43,"column":0},"end":{"line":43,"column":53}},"43":{"start":{"line":44,"column":0},"end":{"line":44,"column":28}},"44":{"start":{"line":45,"column":0},"end":{"line":45,"column":25}},"46":{"start":{"line":47,"column":0},"end":{"line":47,"column":60}},"47":{"start":{"line":48,"column":0},"end":{"line":48,"column":53}},"48":{"start":{"line":49,"column":0},"end":{"line":49,"column":28}},"49":{"start":{"line":50,"column":0},"end":{"line":50,"column":25}},"51":{"start":{"line":52,"column":0},"end":{"line":52,"column":60}},"52":{"start":{"line":53,"column":0},"end":{"line":53,"column":23}},"53":{"start":{"line":54,"column":0},"end":{"line":54,"column":19}},"55":{"start":{"line":56,"column":0},"end":{"line":56,"column":84}},"56":{"start":{"line":57,"column":0},"end":{"line":57,"column":24}},"57":{"start":{"line":58,"column":0},"end":{"line":58,"column":13}},"58":{"start":{"line":59,"column":0},"end":{"line":59,"column":9}},"60":{"start":{"line":61,"column":0},"end":{"line":61,"column":19}},"61":{"start":{"line":62,"column":0},"end":{"line":62,"column":55}},"62":{"start":{"line":63,"column":0},"end":{"line":63,"column":10}},"63":{"start":{"line":64,"column":0},"end":{"line":64,"column":33}},"64":{"start":{"line":65,"column":0},"end":{"line":65,"column":62}},"65":{"start":{"line":66,"column":0},"end":{"line":66,"column":9}},"66":{"start":{"line":67,"column":0},"end":{"line":67,"column":34}},"67":{"start":{"line":68,"column":0},"end":{"line":68,"column":7}},"68":{"start":{"line":69,"column":0},"end":{"line":69,"column":6}},"70":{"start":{"line":71,"column":0},"end":{"line":71,"column":26}},"71":{"start":{"line":72,"column":0},"end":{"line":72,"column":65}},"72":{"start":{"line":73,"column":0},"end":{"line":73,"column":18}},"73":{"start":{"line":74,"column":0},"end":{"line":74,"column":70}},"74":{"start":{"line":75,"column":0},"end":{"line":75,"column":5}},"75":{"start":{"line":76,"column":0},"end":{"line":76,"column":24}},"77":{"start":{"line":78,"column":0},"end":{"line":78,"column":10}},"78":{"start":{"line":79,"column":0},"end":{"line":79,"column":8}},"79":{"start":{"line":80,"column":0},"end":{"line":80,"column":35}},"80":{"start":{"line":81,"column":0},"end":{"line":81,"column":137}},"83":{"start":{"line":84,"column":0},"end":{"line":84,"column":31}},"84":{"start":{"line":85,"column":0},"end":{"line":85,"column":59}},"85":{"start":{"line":86,"column":0},"end":{"line":86,"column":47}},"86":{"start":{"line":87,"column":0},"end":{"line":87,"column":55}},"88":{"start":{"line":89,"column":0},"end":{"line":89,"column":10}},"89":{"start":{"line":90,"column":0},"end":{"line":90,"column":191}},"90":{"start":{"line":91,"column":0},"end":{"line":91,"column":57}},"92":{"start":{"line":93,"column":0},"end":{"line":93,"column":42}},"93":{"start":{"line":94,"column":0},"end":{"line":94,"column":12}},"95":{"start":{"line":96,"column":0},"end":{"line":96,"column":20}},"96":{"start":{"line":97,"column":0},"end":{"line":97,"column":16}},"97":{"start":{"line":98,"column":0},"end":{"line":98,"column":35}},"98":{"start":{"line":99,"column":0},"end":{"line":99,"column":27}},"99":{"start":{"line":100,"column":0},"end":{"line":100,"column":61}},"100":{"start":{"line":101,"column":0},"end":{"line":101,"column":36}},"102":{"start":{"line":103,"column":0},"end":{"line":103,"column":42}},"103":{"start":{"line":104,"column":0},"end":{"line":104,"column":19}},"104":{"start":{"line":105,"column":0},"end":{"line":105,"column":25}},"105":{"start":{"line":106,"column":0},"end":{"line":106,"column":23}},"106":{"start":{"line":107,"column":0},"end":{"line":107,"column":39}},"107":{"start":{"line":108,"column":0},"end":{"line":108,"column":39}},"108":{"start":{"line":109,"column":0},"end":{"line":109,"column":46}},"109":{"start":{"line":110,"column":0},"end":{"line":110,"column":12}},"110":{"start":{"line":111,"column":0},"end":{"line":111,"column":11}},"111":{"start":{"line":112,"column":0},"end":{"line":112,"column":22}},"113":{"start":{"line":114,"column":0},"end":{"line":114,"column":116}},"114":{"start":{"line":115,"column":0},"end":{"line":115,"column":14}},"115":{"start":{"line":116,"column":0},"end":{"line":116,"column":32}},"116":{"start":{"line":117,"column":0},"end":{"line":117,"column":15}},"117":{"start":{"line":118,"column":0},"end":{"line":118,"column":12}},"119":{"start":{"line":120,"column":0},"end":{"line":120,"column":10}},"120":{"start":{"line":121,"column":0},"end":{"line":121,"column":94}},"121":{"start":{"line":122,"column":0},"end":{"line":122,"column":22}},"123":{"start":{"line":124,"column":0},"end":{"line":124,"column":15}},"124":{"start":{"line":125,"column":0},"end":{"line":125,"column":54}},"125":{"start":{"line":126,"column":0},"end":{"line":126,"column":104}},"126":{"start":{"line":127,"column":0},"end":{"line":127,"column":26}},"127":{"start":{"line":128,"column":0},"end":{"line":128,"column":31}},"129":{"start":{"line":130,"column":0},"end":{"line":130,"column":15}},"130":{"start":{"line":131,"column":0},"end":{"line":131,"column":31}},"131":{"start":{"line":132,"column":0},"end":{"line":132,"column":48}},"132":{"start":{"line":133,"column":0},"end":{"line":133,"column":26}},"133":{"start":{"line":134,"column":0},"end":{"line":134,"column":12}},"134":{"start":{"line":135,"column":0},"end":{"line":135,"column":17}},"136":{"start":{"line":137,"column":0},"end":{"line":137,"column":15}},"137":{"start":{"line":138,"column":0},"end":{"line":138,"column":38}},"138":{"start":{"line":139,"column":0},"end":{"line":139,"column":46}},"139":{"start":{"line":140,"column":0},"end":{"line":140,"column":41}},"140":{"start":{"line":141,"column":0},"end":{"line":141,"column":13}},"141":{"start":{"line":142,"column":0},"end":{"line":142,"column":111}},"142":{"start":{"line":143,"column":0},"end":{"line":143,"column":31}},"144":{"start":{"line":145,"column":0},"end":{"line":145,"column":15}},"145":{"start":{"line":146,"column":0},"end":{"line":146,"column":26}},"146":{"start":{"line":147,"column":0},"end":{"line":147,"column":48}},"147":{"start":{"line":148,"column":0},"end":{"line":148,"column":31}},"148":{"start":{"line":149,"column":0},"end":{"line":149,"column":12}},"149":{"start":{"line":150,"column":0},"end":{"line":150,"column":31}},"150":{"start":{"line":151,"column":0},"end":{"line":151,"column":24}},"151":{"start":{"line":152,"column":0},"end":{"line":152,"column":34}},"152":{"start":{"line":153,"column":0},"end":{"line":153,"column":50}},"153":{"start":{"line":154,"column":0},"end":{"line":154,"column":47}},"154":{"start":{"line":155,"column":0},"end":{"line":155,"column":30}},"155":{"start":{"line":156,"column":0},"end":{"line":156,"column":42}},"156":{"start":{"line":157,"column":0},"end":{"line":157,"column":16}},"157":{"start":{"line":158,"column":0},"end":{"line":158,"column":14}},"159":{"start":{"line":160,"column":0},"end":{"line":160,"column":17}},"161":{"start":{"line":162,"column":0},"end":{"line":162,"column":15}},"162":{"start":{"line":163,"column":0},"end":{"line":163,"column":64}},"163":{"start":{"line":164,"column":0},"end":{"line":164,"column":98}},"164":{"start":{"line":165,"column":0},"end":{"line":165,"column":29}},"166":{"start":{"line":167,"column":0},"end":{"line":167,"column":15}},"167":{"start":{"line":168,"column":0},"end":{"line":168,"column":24}},"168":{"start":{"line":169,"column":0},"end":{"line":169,"column":48}},"169":{"start":{"line":170,"column":0},"end":{"line":170,"column":29}},"170":{"start":{"line":171,"column":0},"end":{"line":171,"column":12}},"171":{"start":{"line":172,"column":0},"end":{"line":172,"column":17}},"172":{"start":{"line":173,"column":0},"end":{"line":173,"column":12}},"173":{"start":{"line":174,"column":0},"end":{"line":174,"column":10}},"175":{"start":{"line":176,"column":0},"end":{"line":176,"column":3}}},"s":{"0":1,"1":1,"2":1,"3":1,"4":1,"5":1,"6":1,"13":1,"16":1,"17":41,"18":41,"19":41,"21":41,"22":41,"24":41,"25":29,"26":29,"27":29,"28":41,"29":41,"31":41,"32":0,"33":0,"34":41,"36":41,"37":0,"38":0,"39":41,"41":41,"42":0,"43":0,"44":41,"46":41,"47":0,"48":0,"49":41,"51":41,"52":2,"53":41,"55":41,"56":7,"57":7,"58":41,"60":41,"61":20,"62":0,"63":0,"64":0,"65":0,"66":0,"67":0,"68":0,"70":20,"71":0,"72":0,"73":0,"74":0,"75":41,"77":41,"78":41,"79":41,"80":41,"83":41,"84":0,"85":41,"86":41,"88":41,"89":41,"90":41,"92":41,"93":41,"95":41,"96":41,"97":41,"98":41,"99":41,"100":41,"102":41,"103":50,"104":50,"105":50,"106":50,"107":50,"108":50,"109":50,"110":41,"111":41,"113":41,"114":41,"115":41,"116":41,"117":41,"119":41,"120":41,"121":41,"123":41,"124":41,"125":41,"126":41,"127":41,"129":41,"130":41,"131":41,"132":41,"133":41,"134":41,"136":41,"137":41,"138":0,"139":0,"140":41,"141":41,"142":41,"144":41,"145":41,"146":41,"147":41,"148":41,"149":41,"150":0,"151":0,"152":0,"153":0,"154":0,"155":0,"156":0,"157":0,"159":41,"161":41,"162":41,"163":41,"164":41,"166":41,"167":41,"168":41,"169":41,"170":41,"171":41,"172":41,"173":41,"175":41},"branchMap":{"0":{"type":"branch","line":17,"loc":{"start":{"line":17,"column":32},"end":{"line":176,"column":3}},"locations":[{"start":{"line":17,"column":32},"end":{"line":176,"column":3}}]},"1":{"type":"branch","line":23,"loc":{"start":{"line":23,"column":41},"end":{"line":23,"column":80}},"locations":[{"start":{"line":23,"column":41},"end":{"line":23,"column":80}}]},"2":{"type":"branch","line":84,"loc":{"start":{"line":84,"column":13},"end":{"line":85,"column":59}},"locations":[{"start":{"line":84,"column":13},"end":{"line":85,"column":59}}]},"3":{"type":"branch","line":86,"loc":{"start":{"line":86,"column":10},"end":{"line":86,"column":42}},"locations":[{"start":{"line":86,"column":10},"end":{"line":86,"column":42}}]},"4":{"type":"branch","line":93,"loc":{"start":{"line":93,"column":14},"end":{"line":93,"column":42}},"locations":[{"start":{"line":93,"column":14},"end":{"line":93,"column":42}}]},"5":{"type":"branch","line":150,"loc":{"start":{"line":150,"column":11},"end":{"line":158,"column":14}},"locations":[{"start":{"line":150,"column":11},"end":{"line":158,"column":14}}]},"6":{"type":"branch","line":23,"loc":{"start":{"line":23,"column":19},"end":{"line":23,"column":41}},"locations":[{"start":{"line":23,"column":19},"end":{"line":23,"column":41}}]},"7":{"type":"branch","line":25,"loc":{"start":{"line":25,"column":32},"end":{"line":29,"column":8}},"locations":[{"start":{"line":25,"column":32},"end":{"line":29,"column":8}}]},"8":{"type":"branch","line":52,"loc":{"start":{"line":52,"column":39},"end":{"line":54,"column":5}},"locations":[{"start":{"line":52,"column":39},"end":{"line":54,"column":5}}]},"9":{"type":"branch","line":56,"loc":{"start":{"line":56,"column":34},"end":{"line":59,"column":5}},"locations":[{"start":{"line":56,"column":34},"end":{"line":59,"column":5}}]},"10":{"type":"branch","line":56,"loc":{"start":{"line":56,"column":58},"end":{"line":59,"column":5}},"locations":[{"start":{"line":56,"column":58},"end":{"line":59,"column":5}}]},"11":{"type":"branch","line":61,"loc":{"start":{"line":61,"column":12},"end":{"line":76,"column":5}},"locations":[{"start":{"line":61,"column":12},"end":{"line":76,"column":5}}]},"12":{"type":"branch","line":71,"loc":{"start":{"line":71,"column":25},"end":{"line":75,"column":5}},"locations":[{"start":{"line":71,"column":25},"end":{"line":75,"column":5}}]},"13":{"type":"branch","line":87,"loc":{"start":{"line":87,"column":27},"end":{"line":87,"column":53}},"locations":[{"start":{"line":87,"column":27},"end":{"line":87,"column":53}}]},"14":{"type":"branch","line":103,"loc":{"start":{"line":103,"column":24},"end":{"line":110,"column":12}},"locations":[{"start":{"line":103,"column":24},"end":{"line":110,"column":12}}]},"15":{"type":"branch","line":109,"loc":{"start":{"line":109,"column":21},"end":{"line":109,"column":46}},"locations":[{"start":{"line":109,"column":21},"end":{"line":109,"column":46}}]},"16":{"type":"branch","line":163,"loc":{"start":{"line":163,"column":31},"end":{"line":163,"column":62}},"locations":[{"start":{"line":163,"column":31},"end":{"line":163,"column":62}}]}},"b":{"0":[41],"1":[0],"2":[0],"3":[0],"4":[13],"5":[0],"6":[45],"7":[29],"8":[2],"9":[205],"10":[7],"11":[20],"12":[0],"13":[5],"14":[50],"15":[1],"16":[2]},"fnMap":{"0":{"name":"handleClickOutside","decl":{"start":{"line":62,"column":31},"end":{"line":69,"column":6}},"loc":{"start":{"line":62,"column":31},"end":{"line":69,"column":6}},"line":62},"1":{"name":"onReorder","decl":{"start":{"line":100,"column":19},"end":{"line":100,"column":61}},"loc":{"start":{"line":100,"column":19},"end":{"line":100,"column":61}},"line":100},"2":{"name":"onClick","decl":{"start":{"line":109,"column":21},"end":{"line":109,"column":46}},"loc":{"start":{"line":109,"column":21},"end":{"line":109,"column":46}},"line":109},"3":{"name":"onClose","decl":{"start":{"line":155,"column":23},"end":{"line":157,"column":16}},"loc":{"start":{"line":155,"column":23},"end":{"line":157,"column":16}},"line":155}},"f":{"0":0,"1":0,"2":1,"3":0}}
,"/Volumes/Disk-ito/Ari/Saved Projects/Coding/Todo-App/src/components/CardEditor.tsx": {"path":"/Volumes/Disk-ito/Ari/Saved Projects/Coding/Todo-App/src/components/CardEditor.tsx","all":false,"statementMap":{"0":{"start":{"line":1,"column":0},"end":{"line":1,"column":61}},"1":{"start":{"line":2,"column":0},"end":{"line":2,"column":38}},"2":{"start":{"line":3,"column":0},"end":{"line":3,"column":30}},"3":{"start":{"line":4,"column":0},"end":{"line":4,"column":44}},"4":{"start":{"line":5,"column":0},"end":{"line":5,"column":66}},"5":{"start":{"line":6,"column":0},"end":{"line":6,"column":68}},"6":{"start":{"line":7,"column":0},"end":{"line":7,"column":80}},"7":{"start":{"line":8,"column":0},"end":{"line":8,"column":8}},"16":{"start":{"line":17,"column":0},"end":{"line":17,"column":53}},"18":{"start":{"line":19,"column":0},"end":{"line":19,"column":40}},"24":{"start":{"line":25,"column":0},"end":{"line":25,"column":60}},"25":{"start":{"line":26,"column":0},"end":{"line":26,"column":70}},"26":{"start":{"line":27,"column":0},"end":{"line":27,"column":63}},"27":{"start":{"line":28,"column":0},"end":{"line":28,"column":49}},"28":{"start":{"line":29,"column":0},"end":{"line":29,"column":64}},"29":{"start":{"line":30,"column":0},"end":{"line":30,"column":58}},"30":{"start":{"line":31,"column":0},"end":{"line":31,"column":54}},"31":{"start":{"line":32,"column":0},"end":{"line":32,"column":55}},"32":{"start":{"line":33,"column":0},"end":{"line":33,"column":63}},"34":{"start":{"line":35,"column":0},"end":{"line":35,"column":21}},"35":{"start":{"line":36,"column":0},"end":{"line":36,"column":51}},"36":{"start":{"line":37,"column":0},"end":{"line":37,"column":38}},"37":{"start":{"line":38,"column":0},"end":{"line":38,"column":72}},"38":{"start":{"line":39,"column":0},"end":{"line":39,"column":43}},"39":{"start":{"line":40,"column":0},"end":{"line":40,"column":34}},"40":{"start":{"line":41,"column":0},"end":{"line":41,"column":12}},"41":{"start":{"line":42,"column":0},"end":{"line":42,"column":46}},"42":{"start":{"line":43,"column":0},"end":{"line":43,"column":60}},"43":{"start":{"line":44,"column":0},"end":{"line":44,"column":66}},"44":{"start":{"line":45,"column":0},"end":{"line":45,"column":29}},"45":{"start":{"line":46,"column":0},"end":{"line":46,"column":20}},"46":{"start":{"line":47,"column":0},"end":{"line":47,"column":33}},"47":{"start":{"line":48,"column":0},"end":{"line":48,"column":52}},"48":{"start":{"line":49,"column":0},"end":{"line":49,"column":59}},"49":{"start":{"line":50,"column":0},"end":{"line":50,"column":7}},"51":{"start":{"line":52,"column":0},"end":{"line":52,"column":31}},"53":{"start":{"line":54,"column":0},"end":{"line":54,"column":32}},"54":{"start":{"line":55,"column":0},"end":{"line":55,"column":9}},"55":{"start":{"line":56,"column":0},"end":{"line":56,"column":65}},"56":{"start":{"line":57,"column":0},"end":{"line":57,"column":23}},"57":{"start":{"line":58,"column":0},"end":{"line":58,"column":23}},"58":{"start":{"line":59,"column":0},"end":{"line":59,"column":9}},"59":{"start":{"line":60,"column":0},"end":{"line":60,"column":25}},"60":{"start":{"line":61,"column":0},"end":{"line":61,"column":4}},"62":{"start":{"line":63,"column":0},"end":{"line":63,"column":19}},"63":{"start":{"line":64,"column":0},"end":{"line":64,"column":30}},"64":{"start":{"line":65,"column":0},"end":{"line":65,"column":20}},"66":{"start":{"line":67,"column":0},"end":{"line":67,"column":19}},"67":{"start":{"line":68,"column":0},"end":{"line":68,"column":36}},"68":{"start":{"line":69,"column":0},"end":{"line":69,"column":61}},"69":{"start":{"line":70,"column":0},"end":{"line":70,"column":38}},"70":{"start":{"line":71,"column":0},"end":{"line":71,"column":17}},"71":{"start":{"line":72,"column":0},"end":{"line":72,"column":42}},"72":{"start":{"line":73,"column":0},"end":{"line":73,"column":47}},"73":{"start":{"line":74,"column":0},"end":{"line":74,"column":41}},"74":{"start":{"line":75,"column":0},"end":{"line":75,"column":9}},"75":{"start":{"line":76,"column":0},"end":{"line":76,"column":51}},"76":{"start":{"line":77,"column":0},"end":{"line":77,"column":7}},"77":{"start":{"line":78,"column":0},"end":{"line":78,"column":5}},"78":{"start":{"line":79,"column":0},"end":{"line":79,"column":44}},"80":{"start":{"line":81,"column":0},"end":{"line":81,"column":19}},"81":{"start":{"line":82,"column":0},"end":{"line":82,"column":55}},"82":{"start":{"line":83,"column":0},"end":{"line":83,"column":10}},"83":{"start":{"line":84,"column":0},"end":{"line":84,"column":33}},"84":{"start":{"line":85,"column":0},"end":{"line":85,"column":62}},"85":{"start":{"line":86,"column":0},"end":{"line":86,"column":9}},"86":{"start":{"line":87,"column":0},"end":{"line":87,"column":34}},"87":{"start":{"line":88,"column":0},"end":{"line":88,"column":7}},"88":{"start":{"line":89,"column":0},"end":{"line":89,"column":6}},"90":{"start":{"line":91,"column":0},"end":{"line":91,"column":26}},"91":{"start":{"line":92,"column":0},"end":{"line":92,"column":65}},"92":{"start":{"line":93,"column":0},"end":{"line":93,"column":18}},"93":{"start":{"line":94,"column":0},"end":{"line":94,"column":70}},"94":{"start":{"line":95,"column":0},"end":{"line":95,"column":5}},"95":{"start":{"line":96,"column":0},"end":{"line":96,"column":24}},"97":{"start":{"line":98,"column":0},"end":{"line":98,"column":19}},"98":{"start":{"line":99,"column":0},"end":{"line":99,"column":39}},"100":{"start":{"line":101,"column":0},"end":{"line":101,"column":40}},"101":{"start":{"line":102,"column":0},"end":{"line":102,"column":41}},"102":{"start":{"line":103,"column":0},"end":{"line":103,"column":71}},"103":{"start":{"line":104,"column":0},"end":{"line":104,"column":50}},"104":{"start":{"line":105,"column":0},"end":{"line":105,"column":6}},"106":{"start":{"line":107,"column":0},"end":{"line":107,"column":75}},"107":{"start":{"line":108,"column":0},"end":{"line":108,"column":27}},"109":{"start":{"line":110,"column":0},"end":{"line":110,"column":18}},"110":{"start":{"line":111,"column":0},"end":{"line":111,"column":34}},"111":{"start":{"line":112,"column":0},"end":{"line":112,"column":50}},"112":{"start":{"line":113,"column":0},"end":{"line":113,"column":19}},"113":{"start":{"line":114,"column":0},"end":{"line":114,"column":30}},"114":{"start":{"line":115,"column":0},"end":{"line":115,"column":10}},"115":{"start":{"line":116,"column":0},"end":{"line":116,"column":7}},"116":{"start":{"line":117,"column":0},"end":{"line":117,"column":6}},"117":{"start":{"line":118,"column":0},"end":{"line":118,"column":9}},"119":{"start":{"line":120,"column":0},"end":{"line":120,"column":28}},"120":{"start":{"line":121,"column":0},"end":{"line":121,"column":26}},"121":{"start":{"line":122,"column":0},"end":{"line":122,"column":17}},"122":{"start":{"line":123,"column":0},"end":{"line":123,"column":4}},"124":{"start":{"line":125,"column":0},"end":{"line":125,"column":31}},"125":{"start":{"line":126,"column":0},"end":{"line":126,"column":17}},"126":{"start":{"line":127,"column":0},"end":{"line":127,"column":4}},"128":{"start":{"line":129,"column":0},"end":{"line":129,"column":37}},"129":{"start":{"line":130,"column":0},"end":{"line":130,"column":28}},"130":{"start":{"line":131,"column":0},"end":{"line":131,"column":19}},"131":{"start":{"line":132,"column":0},"end":{"line":132,"column":12}},"132":{"start":{"line":133,"column":0},"end":{"line":133,"column":19}},"133":{"start":{"line":134,"column":0},"end":{"line":134,"column":5}},"134":{"start":{"line":135,"column":0},"end":{"line":135,"column":4}},"136":{"start":{"line":137,"column":0},"end":{"line":137,"column":51}},"137":{"start":{"line":138,"column":0},"end":{"line":138,"column":63}},"138":{"start":{"line":139,"column":0},"end":{"line":139,"column":64}},"139":{"start":{"line":140,"column":0},"end":{"line":140,"column":63}},"140":{"start":{"line":141,"column":0},"end":{"line":141,"column":5}},"141":{"start":{"line":142,"column":0},"end":{"line":142,"column":4}},"143":{"start":{"line":144,"column":0},"end":{"line":144,"column":51}},"144":{"start":{"line":145,"column":0},"end":{"line":145,"column":65}},"145":{"start":{"line":146,"column":0},"end":{"line":146,"column":4}},"147":{"start":{"line":148,"column":0},"end":{"line":148,"column":31}},"148":{"start":{"line":149,"column":0},"end":{"line":149,"column":41}},"149":{"start":{"line":150,"column":0},"end":{"line":150,"column":4}},"151":{"start":{"line":152,"column":0},"end":{"line":152,"column":48}},"152":{"start":{"line":153,"column":0},"end":{"line":153,"column":52}},"153":{"start":{"line":154,"column":0},"end":{"line":154,"column":4}},"155":{"start":{"line":156,"column":0},"end":{"line":156,"column":63}},"156":{"start":{"line":157,"column":0},"end":{"line":157,"column":62}},"157":{"start":{"line":158,"column":0},"end":{"line":158,"column":64}},"158":{"start":{"line":159,"column":0},"end":{"line":159,"column":67}},"159":{"start":{"line":160,"column":0},"end":{"line":160,"column":5}},"160":{"start":{"line":161,"column":0},"end":{"line":161,"column":4}},"162":{"start":{"line":163,"column":0},"end":{"line":163,"column":48}},"163":{"start":{"line":164,"column":0},"end":{"line":164,"column":52}},"164":{"start":{"line":165,"column":0},"end":{"line":165,"column":4}},"166":{"start":{"line":167,"column":0},"end":{"line":167,"column":48}},"167":{"start":{"line":168,"column":0},"end":{"line":168,"column":23}},"168":{"start":{"line":169,"column":0},"end":{"line":169,"column":17}},"169":{"start":{"line":170,"column":0},"end":{"line":170,"column":4}},"171":{"start":{"line":172,"column":0},"end":{"line":172,"column":72}},"172":{"start":{"line":173,"column":0},"end":{"line":173,"column":24}},"173":{"start":{"line":174,"column":0},"end":{"line":174,"column":13}},"174":{"start":{"line":175,"column":0},"end":{"line":175,"column":4}},"175":{"start":{"line":176,"column":0},"end":{"line":176,"column":10}},"176":{"start":{"line":177,"column":0},"end":{"line":177,"column":8}},"177":{"start":{"line":178,"column":0},"end":{"line":178,"column":40}},"178":{"start":{"line":179,"column":0},"end":{"line":179,"column":92}},"179":{"start":{"line":180,"column":0},"end":{"line":180,"column":35}},"180":{"start":{"line":181,"column":0},"end":{"line":181,"column":62}},"181":{"start":{"line":182,"column":0},"end":{"line":182,"column":19}},"183":{"start":{"line":184,"column":0},"end":{"line":184,"column":10}},"184":{"start":{"line":185,"column":0},"end":{"line":185,"column":122}},"185":{"start":{"line":186,"column":0},"end":{"line":186,"column":44}},"187":{"start":{"line":188,"column":0},"end":{"line":188,"column":12}},"188":{"start":{"line":189,"column":0},"end":{"line":189,"column":38}},"189":{"start":{"line":190,"column":0},"end":{"line":190,"column":80}},"192":{"start":{"line":193,"column":0},"end":{"line":193,"column":37}},"193":{"start":{"line":194,"column":0},"end":{"line":194,"column":12}},"194":{"start":{"line":195,"column":0},"end":{"line":195,"column":49}},"196":{"start":{"line":197,"column":0},"end":{"line":197,"column":16}},"197":{"start":{"line":198,"column":0},"end":{"line":198,"column":31}},"198":{"start":{"line":199,"column":0},"end":{"line":199,"column":23}},"199":{"start":{"line":200,"column":0},"end":{"line":200,"column":42}},"200":{"start":{"line":201,"column":0},"end":{"line":201,"column":35}},"201":{"start":{"line":202,"column":0},"end":{"line":202,"column":63}},"202":{"start":{"line":203,"column":0},"end":{"line":203,"column":180}},"203":{"start":{"line":204,"column":0},"end":{"line":204,"column":52}},"204":{"start":{"line":205,"column":0},"end":{"line":205,"column":12}},"206":{"start":{"line":207,"column":0},"end":{"line":207,"column":24}},"207":{"start":{"line":208,"column":0},"end":{"line":208,"column":39}},"208":{"start":{"line":209,"column":0},"end":{"line":209,"column":36}},"209":{"start":{"line":210,"column":0},"end":{"line":210,"column":36}},"210":{"start":{"line":211,"column":0},"end":{"line":211,"column":61}},"212":{"start":{"line":213,"column":0},"end":{"line":213,"column":44}},"213":{"start":{"line":214,"column":0},"end":{"line":214,"column":34}},"215":{"start":{"line":216,"column":0},"end":{"line":216,"column":51}},"216":{"start":{"line":217,"column":0},"end":{"line":217,"column":23}},"217":{"start":{"line":218,"column":0},"end":{"line":218,"column":29}},"218":{"start":{"line":219,"column":0},"end":{"line":219,"column":27}},"219":{"start":{"line":220,"column":0},"end":{"line":220,"column":61}},"220":{"start":{"line":221,"column":0},"end":{"line":221,"column":52}},"221":{"start":{"line":222,"column":0},"end":{"line":222,"column":18}},"222":{"start":{"line":223,"column":0},"end":{"line":223,"column":43}},"223":{"start":{"line":224,"column":0},"end":{"line":224,"column":39}},"224":{"start":{"line":225,"column":0},"end":{"line":225,"column":43}},"225":{"start":{"line":226,"column":0},"end":{"line":226,"column":16}},"226":{"start":{"line":227,"column":0},"end":{"line":227,"column":15}},"227":{"start":{"line":228,"column":0},"end":{"line":228,"column":26}},"229":{"start":{"line":230,"column":0},"end":{"line":230,"column":14}},"230":{"start":{"line":231,"column":0},"end":{"line":231,"column":80}},"231":{"start":{"line":232,"column":0},"end":{"line":232,"column":53}},"233":{"start":{"line":234,"column":0},"end":{"line":234,"column":96}},"234":{"start":{"line":235,"column":0},"end":{"line":235,"column":49}},"235":{"start":{"line":236,"column":0},"end":{"line":236,"column":18}},"237":{"start":{"line":238,"column":0},"end":{"line":238,"column":16}},"238":{"start":{"line":239,"column":0},"end":{"line":239,"column":63}},"239":{"start":{"line":240,"column":0},"end":{"line":240,"column":28}},"241":{"start":{"line":242,"column":0},"end":{"line":242,"column":21}},"242":{"start":{"line":243,"column":0},"end":{"line":243,"column":60}},"243":{"start":{"line":244,"column":0},"end":{"line":244,"column":110}},"244":{"start":{"line":245,"column":0},"end":{"line":245,"column":32}},"245":{"start":{"line":246,"column":0},"end":{"line":246,"column":37}},"247":{"start":{"line":248,"column":0},"end":{"line":248,"column":21}},"248":{"start":{"line":249,"column":0},"end":{"line":249,"column":37}},"249":{"start":{"line":250,"column":0},"end":{"line":250,"column":54}},"250":{"start":{"line":251,"column":0},"end":{"line":251,"column":32}},"251":{"start":{"line":252,"column":0},"end":{"line":252,"column":18}},"252":{"start":{"line":253,"column":0},"end":{"line":253,"column":23}},"254":{"start":{"line":255,"column":0},"end":{"line":255,"column":18}},"255":{"start":{"line":256,"column":0},"end":{"line":256,"column":44}},"256":{"start":{"line":257,"column":0},"end":{"line":257,"column":52}},"257":{"start":{"line":258,"column":0},"end":{"line":258,"column":47}},"258":{"start":{"line":259,"column":0},"end":{"line":259,"column":19}},"259":{"start":{"line":260,"column":0},"end":{"line":260,"column":150}},"260":{"start":{"line":261,"column":0},"end":{"line":261,"column":37}},"262":{"start":{"line":263,"column":0},"end":{"line":263,"column":21}},"263":{"start":{"line":264,"column":0},"end":{"line":264,"column":32}},"264":{"start":{"line":265,"column":0},"end":{"line":265,"column":54}},"265":{"start":{"line":266,"column":0},"end":{"line":266,"column":37}},"266":{"start":{"line":267,"column":0},"end":{"line":267,"column":18}},"267":{"start":{"line":268,"column":0},"end":{"line":268,"column":37}},"268":{"start":{"line":269,"column":0},"end":{"line":269,"column":30}},"269":{"start":{"line":270,"column":0},"end":{"line":270,"column":40}},"270":{"start":{"line":271,"column":0},"end":{"line":271,"column":61}},"271":{"start":{"line":272,"column":0},"end":{"line":272,"column":53}},"272":{"start":{"line":273,"column":0},"end":{"line":273,"column":36}},"273":{"start":{"line":274,"column":0},"end":{"line":274,"column":48}},"274":{"start":{"line":275,"column":0},"end":{"line":275,"column":22}},"275":{"start":{"line":276,"column":0},"end":{"line":276,"column":20}},"277":{"start":{"line":278,"column":0},"end":{"line":278,"column":20}},"279":{"start":{"line":280,"column":0},"end":{"line":280,"column":21}},"280":{"start":{"line":281,"column":0},"end":{"line":281,"column":44}},"281":{"start":{"line":282,"column":0},"end":{"line":282,"column":49}},"282":{"start":{"line":283,"column":0},"end":{"line":283,"column":31}},"283":{"start":{"line":284,"column":0},"end":{"line":284,"column":19}},"284":{"start":{"line":285,"column":0},"end":{"line":285,"column":104}},"285":{"start":{"line":286,"column":0},"end":{"line":286,"column":35}},"287":{"start":{"line":288,"column":0},"end":{"line":288,"column":21}},"288":{"start":{"line":289,"column":0},"end":{"line":289,"column":30}},"289":{"start":{"line":290,"column":0},"end":{"line":290,"column":54}},"290":{"start":{"line":291,"column":0},"end":{"line":291,"column":35}},"291":{"start":{"line":292,"column":0},"end":{"line":292,"column":18}},"292":{"start":{"line":293,"column":0},"end":{"line":293,"column":23}},"294":{"start":{"line":295,"column":0},"end":{"line":295,"column":21}},"295":{"start":{"line":296,"column":0},"end":{"line":296,"column":57}},"296":{"start":{"line":297,"column":0},"end":{"line":297,"column":155}},"297":{"start":{"line":298,"column":0},"end":{"line":298,"column":36}},"298":{"start":{"line":299,"column":0},"end":{"line":299,"column":45}},"299":{"start":{"line":300,"column":0},"end":{"line":300,"column":15}},"301":{"start":{"line":302,"column":0},"end":{"line":302,"column":23}},"302":{"start":{"line":303,"column":0},"end":{"line":303,"column":18}},"303":{"start":{"line":304,"column":0},"end":{"line":304,"column":16}},"304":{"start":{"line":305,"column":0},"end":{"line":305,"column":14}},"305":{"start":{"line":306,"column":0},"end":{"line":306,"column":12}},"306":{"start":{"line":307,"column":0},"end":{"line":307,"column":10}},"308":{"start":{"line":309,"column":0},"end":{"line":309,"column":2}}},"s":{"0":1,"1":1,"2":1,"3":1,"4":1,"5":1,"6":1,"7":1,"16":1,"18":1,"24":1,"25":120,"26":120,"27":120,"28":120,"29":120,"30":120,"31":120,"32":120,"34":120,"35":120,"36":0,"37":120,"38":120,"39":110,"40":110,"41":110,"42":16,"43":15,"44":15,"45":15,"46":15,"47":15,"48":15,"49":15,"51":120,"53":120,"54":120,"55":110,"56":110,"57":110,"58":110,"59":120,"60":120,"62":120,"63":15,"64":120,"66":120,"67":16,"68":16,"69":16,"70":16,"71":0,"72":0,"73":0,"74":0,"75":0,"76":0,"77":16,"78":120,"80":120,"81":15,"82":0,"83":0,"84":0,"85":0,"86":0,"87":0,"88":0,"90":15,"91":0,"92":0,"93":0,"94":0,"95":120,"97":120,"98":15,"100":0,"101":0,"102":0,"103":0,"104":0,"106":0,"107":0,"109":0,"110":0,"111":0,"112":0,"113":0,"114":0,"115":0,"116":0,"117":120,"119":120,"120":9,"121":9,"122":9,"124":120,"125":2,"126":2,"128":120,"129":1,"130":0,"131":1,"132":1,"133":1,"134":1,"136":120,"137":94,"138":94,"139":94,"140":94,"141":94,"143":120,"144":0,"145":0,"147":120,"148":1,"149":1,"151":120,"152":0,"153":0,"155":120,"156":0,"157":0,"158":0,"159":0,"160":0,"162":120,"163":0,"164":0,"166":120,"167":0,"168":0,"169":0,"171":120,"172":10,"173":10,"174":10,"175":120,"176":120,"177":120,"178":120,"179":120,"180":120,"181":120,"183":120,"184":120,"185":120,"187":120,"188":120,"189":120,"192":120,"193":120,"194":120,"196":120,"197":120,"198":120,"199":120,"200":120,"201":120,"202":120,"203":120,"204":120,"206":120,"207":120,"208":120,"209":120,"210":0,"212":120,"213":120,"215":120,"216":122,"217":122,"218":122,"219":122,"220":222,"221":222,"222":122,"223":122,"224":122,"225":122,"226":120,"227":120,"229":120,"230":120,"231":120,"233":120,"234":120,"235":120,"237":120,"238":120,"239":120,"241":120,"242":120,"243":120,"244":120,"245":120,"247":120,"248":120,"249":120,"250":120,"251":120,"252":120,"254":120,"255":120,"256":0,"257":0,"258":120,"259":120,"260":120,"262":120,"263":120,"264":120,"265":120,"266":120,"267":120,"268":0,"269":0,"270":0,"271":0,"272":0,"273":0,"274":0,"275":0,"277":120,"279":120,"280":120,"281":0,"282":0,"283":120,"284":120,"285":120,"287":120,"288":120,"289":120,"290":120,"291":120,"292":120,"294":120,"295":120,"296":120,"297":120,"298":120,"299":120,"301":120,"302":120,"303":120,"304":120,"305":120,"306":120,"308":120},"branchMap":{"0":{"type":"branch","line":25,"loc":{"start":{"line":25,"column":26},"end":{"line":309,"column":2}},"locations":[{"start":{"line":25,"column":26},"end":{"line":309,"column":2}}]},"1":{"type":"branch","line":36,"loc":{"start":{"line":36,"column":47},"end":{"line":37,"column":38}},"locations":[{"start":{"line":36,"column":47},"end":{"line":37,"column":38}}]},"2":{"type":"branch","line":195,"loc":{"start":{"line":195,"column":12},"end":{"line":195,"column":44}},"locations":[{"start":{"line":195,"column":12},"end":{"line":195,"column":44}}]},"3":{"type":"branch","line":268,"loc":{"start":{"line":268,"column":17},"end":{"line":276,"column":20}},"locations":[{"start":{"line":268,"column":17},"end":{"line":276,"column":20}}]},"4":{"type":"branch","line":36,"loc":{"start":{"line":36,"column":19},"end":{"line":36,"column":47}},"locations":[{"start":{"line":36,"column":19},"end":{"line":36,"column":47}}]},"5":{"type":"branch","line":39,"loc":{"start":{"line":39,"column":36},"end":{"line":52,"column":5}},"locations":[{"start":{"line":39,"column":36},"end":{"line":52,"column":5}}]},"6":{"type":"branch","line":40,"loc":{"start":{"line":40,"column":22},"end":{"line":40,"column":34}},"locations":[{"start":{"line":40,"column":22},"end":{"line":40,"column":34}}]},"7":{"type":"branch","line":42,"loc":{"start":{"line":42,"column":38},"end":{"line":43,"column":60}},"locations":[{"start":{"line":42,"column":38},"end":{"line":43,"column":60}}]},"8":{"type":"branch","line":43,"loc":{"start":{"line":43,"column":51},"end":{"line":44,"column":66}},"locations":[{"start":{"line":43,"column":51},"end":{"line":44,"column":66}}]},"9":{"type":"branch","line":44,"loc":{"start":{"line":44,"column":48},"end":{"line":50,"column":7}},"locations":[{"start":{"line":44,"column":48},"end":{"line":50,"column":7}}]},"10":{"type":"branch","line":46,"loc":{"start":{"line":46,"column":8},"end":{"line":49,"column":59}},"locations":[{"start":{"line":46,"column":8},"end":{"line":49,"column":59}}]},"11":{"type":"branch","line":55,"loc":{"start":{"line":55,"column":4},"end":{"line":59,"column":9}},"locations":[{"start":{"line":55,"column":4},"end":{"line":59,"column":9}}]},"12":{"type":"branch","line":63,"loc":{"start":{"line":63,"column":12},"end":{"line":65,"column":5}},"locations":[{"start":{"line":63,"column":12},"end":{"line":65,"column":5}}]},"13":{"type":"branch","line":67,"loc":{"start":{"line":67,"column":12},"end":{"line":79,"column":5}},"locations":[{"start":{"line":67,"column":12},"end":{"line":79,"column":5}}]},"14":{"type":"branch","line":71,"loc":{"start":{"line":71,"column":6},"end":{"line":77,"column":7}},"locations":[{"start":{"line":71,"column":6},"end":{"line":77,"column":7}}]},"15":{"type":"branch","line":81,"loc":{"start":{"line":81,"column":12},"end":{"line":96,"column":5}},"locations":[{"start":{"line":81,"column":12},"end":{"line":96,"column":5}}]},"16":{"type":"branch","line":91,"loc":{"start":{"line":91,"column":25},"end":{"line":95,"column":5}},"locations":[{"start":{"line":91,"column":25},"end":{"line":95,"column":5}}]},"17":{"type":"branch","line":98,"loc":{"start":{"line":98,"column":12},"end":{"line":118,"column":5}},"locations":[{"start":{"line":98,"column":12},"end":{"line":118,"column":5}}]},"18":{"type":"branch","line":99,"loc":{"start":{"line":99,"column":32},"end":{"line":117,"column":6}},"locations":[{"start":{"line":99,"column":32},"end":{"line":117,"column":6}}]},"19":{"type":"branch","line":120,"loc":{"start":{"line":120,"column":21},"end":{"line":123,"column":4}},"locations":[{"start":{"line":120,"column":21},"end":{"line":123,"column":4}}]},"20":{"type":"branch","line":125,"loc":{"start":{"line":125,"column":24},"end":{"line":127,"column":4}},"locations":[{"start":{"line":125,"column":24},"end":{"line":127,"column":4}}]},"21":{"type":"branch","line":129,"loc":{"start":{"line":129,"column":30},"end":{"line":135,"column":4}},"locations":[{"start":{"line":129,"column":30},"end":{"line":135,"column":4}}]},"22":{"type":"branch","line":130,"loc":{"start":{"line":130,"column":27},"end":{"line":132,"column":11}},"locations":[{"start":{"line":130,"column":27},"end":{"line":132,"column":11}}]},"23":{"type":"branch","line":137,"loc":{"start":{"line":137,"column":28},"end":{"line":142,"column":4}},"locations":[{"start":{"line":137,"column":28},"end":{"line":142,"column":4}}]},"24":{"type":"branch","line":139,"loc":{"start":{"line":139,"column":35},"end":{"line":139,"column":63}},"locations":[{"start":{"line":139,"column":35},"end":{"line":139,"column":63}}]},"25":{"type":"branch","line":148,"loc":{"start":{"line":148,"column":24},"end":{"line":150,"column":4}},"locations":[{"start":{"line":148,"column":24},"end":{"line":150,"column":4}}]},"26":{"type":"branch","line":172,"loc":{"start":{"line":172,"column":22},"end":{"line":175,"column":4}},"locations":[{"start":{"line":172,"column":22},"end":{"line":175,"column":4}}]},"27":{"type":"branch","line":172,"loc":{"start":{"line":172,"column":46},"end":{"line":175,"column":4}},"locations":[{"start":{"line":172,"column":46},"end":{"line":175,"column":4}}]},"28":{"type":"branch","line":181,"loc":{"start":{"line":181,"column":17},"end":{"line":181,"column":62}},"locations":[{"start":{"line":181,"column":17},"end":{"line":181,"column":62}}]},"29":{"type":"branch","line":181,"loc":{"start":{"line":181,"column":34},"end":{"line":181,"column":62}},"locations":[{"start":{"line":181,"column":34},"end":{"line":181,"column":62}}]},"30":{"type":"branch","line":186,"loc":{"start":{"line":186,"column":17},"end":{"line":186,"column":44}},"locations":[{"start":{"line":186,"column":17},"end":{"line":186,"column":44}}]},"31":{"type":"branch","line":202,"loc":{"start":{"line":202,"column":22},"end":{"line":202,"column":63}},"locations":[{"start":{"line":202,"column":22},"end":{"line":202,"column":63}}]},"32":{"type":"branch","line":216,"loc":{"start":{"line":216,"column":33},"end":{"line":226,"column":16}},"locations":[{"start":{"line":216,"column":33},"end":{"line":226,"column":16}}]},"33":{"type":"branch","line":220,"loc":{"start":{"line":220,"column":26},"end":{"line":222,"column":18}},"locations":[{"start":{"line":220,"column":26},"end":{"line":222,"column":18}}]},"34":{"type":"branch","line":243,"loc":{"start":{"line":243,"column":37},"end":{"line":243,"column":58}},"locations":[{"start":{"line":243,"column":37},"end":{"line":243,"column":58}}]},"35":{"type":"branch","line":296,"loc":{"start":{"line":296,"column":37},"end":{"line":296,"column":55}},"locations":[{"start":{"line":296,"column":37},"end":{"line":296,"column":55}}]}},"b":{"0":[120],"1":[0],"2":[0],"3":[0],"4":[120],"5":[110],"6":[0],"7":[16],"8":[15],"9":[15],"10":[15],"11":[110],"12":[15],"13":[16],"14":[0],"15":[15],"16":[0],"17":[15],"18":[0],"19":[9],"20":[2],"21":[1],"22":[0],"23":[94],"24":[1],"25":[1],"26":[480],"27":[10],"28":[95],"29":[2],"30":[9],"31":[94],"32":[122],"33":[222],"34":[1],"35":[9]},"fnMap":{"0":{"name":"CardEditor","decl":{"start":{"line":25,"column":26},"end":{"line":309,"column":2}},"loc":{"start":{"line":25,"column":26},"end":{"line":309,"column":2}},"line":25},"1":{"name":"handleClickOutside","decl":{"start":{"line":82,"column":31},"end":{"line":89,"column":6}},"loc":{"start":{"line":82,"column":31},"end":{"line":89,"column":6}},"line":82},"2":{"name":"handleViewportChange","decl":{"start":{"line":101,"column":33},"end":{"line":105,"column":6}},"loc":{"start":{"line":101,"column":33},"end":{"line":105,"column":6}},"line":101},"3":{"name":"handleSave","decl":{"start":{"line":120,"column":21},"end":{"line":123,"column":4}},"loc":{"start":{"line":120,"column":21},"end":{"line":123,"column":4}},"line":120},"4":{"name":"handleDiscard","decl":{"start":{"line":125,"column":24},"end":{"line":127,"column":4}},"loc":{"start":{"line":125,"column":24},"end":{"line":127,"column":4}},"line":125},"5":{"name":"handleBackdropClick","decl":{"start":{"line":129,"column":30},"end":{"line":135,"column":4}},"loc":{"start":{"line":129,"column":30},"end":{"line":135,"column":4}},"line":129},"6":{"name":"handleTitleChange","decl":{"start":{"line":137,"column":28},"end":{"line":142,"column":4}},"loc":{"start":{"line":137,"column":28},"end":{"line":142,"column":4}},"line":137},"7":{"name":"handleColorChange","decl":{"start":{"line":144,"column":28},"end":{"line":146,"column":4}},"loc":{"start":{"line":144,"column":28},"end":{"line":146,"column":4}},"line":144},"8":{"name":"handleAddTodo","decl":{"start":{"line":148,"column":24},"end":{"line":150,"column":4}},"loc":{"start":{"line":148,"column":24},"end":{"line":150,"column":4}},"line":148},"9":{"name":"handleDeleteTodo","decl":{"start":{"line":152,"column":27},"end":{"line":154,"column":4}},"loc":{"start":{"line":152,"column":27},"end":{"line":154,"column":4}},"line":152},"10":{"name":"handleEditTodo","decl":{"start":{"line":156,"column":25},"end":{"line":161,"column":4}},"loc":{"start":{"line":156,"column":25},"end":{"line":161,"column":4}},"line":156},"11":{"name":"handleToggleTodo","decl":{"start":{"line":163,"column":27},"end":{"line":165,"column":4}},"loc":{"start":{"line":163,"column":27},"end":{"line":165,"column":4}},"line":163},"12":{"name":"handleDeleteCard","decl":{"start":{"line":167,"column":27},"end":{"line":170,"column":4}},"loc":{"start":{"line":167,"column":27},"end":{"line":170,"column":4}},"line":167},"13":{"name":"handleClick","decl":{"start":{"line":172,"column":22},"end":{"line":175,"column":4}},"loc":{"start":{"line":172,"column":22},"end":{"line":175,"column":4}},"line":172},"14":{"name":"onKeyDown","decl":{"start":{"line":181,"column":17},"end":{"line":181,"column":62}},"loc":{"start":{"line":181,"column":17},"end":{"line":181,"column":62}},"line":181},"15":{"name":"onClick","decl":{"start":{"line":186,"column":17},"end":{"line":186,"column":44}},"loc":{"start":{"line":186,"column":17},"end":{"line":186,"column":44}},"line":186},"16":{"name":"onChange","decl":{"start":{"line":202,"column":22},"end":{"line":202,"column":63}},"loc":{"start":{"line":202,"column":22},"end":{"line":202,"column":63}},"line":202},"17":{"name":"onReorder","decl":{"start":{"line":210,"column":23},"end":{"line":211,"column":61}},"loc":{"start":{"line":210,"column":23},"end":{"line":211,"column":61}},"line":210},"18":{"name":"inputRef","decl":{"start":{"line":220,"column":26},"end":{"line":222,"column":18}},"loc":{"start":{"line":220,"column":26},"end":{"line":222,"column":18}},"line":220},"19":{"name":"onClose","decl":{"start":{"line":273,"column":29},"end":{"line":275,"column":22}},"loc":{"start":{"line":273,"column":29},"end":{"line":275,"column":22}},"line":273}},"f":{"0":120,"1":0,"2":0,"3":9,"4":2,"5":1,"6":94,"7":0,"8":1,"9":0,"10":0,"11":0,"12":0,"13":480,"14":95,"15":9,"16":94,"17":0,"18":222,"19":0}}
,"/Volumes/Disk-ito/Ari/Saved Projects/Coding/Todo-App/src/components/CardTrigger.tsx": {"path":"/Volumes/Disk-ito/Ari/Saved Projects/Coding/Todo-App/src/components/CardTrigger.tsx","all":false,"statementMap":{"0":{"start":{"line":1,"column":0},"end":{"line":1,"column":66}},"1":{"start":{"line":2,"column":0},"end":{"line":2,"column":68}},"2":{"start":{"line":3,"column":0},"end":{"line":3,"column":55}},"3":{"start":{"line":4,"column":0},"end":{"line":4,"column":53}},"5":{"start":{"line":6,"column":0},"end":{"line":6,"column":34}},"6":{"start":{"line":7,"column":0},"end":{"line":7,"column":47}},"7":{"start":{"line":8,"column":0},"end":{"line":8,"column":47}},"9":{"start":{"line":10,"column":0},"end":{"line":10,"column":34}},"10":{"start":{"line":11,"column":0},"end":{"line":11,"column":54}},"11":{"start":{"line":12,"column":0},"end":{"line":12,"column":24}},"12":{"start":{"line":13,"column":0},"end":{"line":13,"column":35}},"13":{"start":{"line":14,"column":0},"end":{"line":14,"column":4}},"15":{"start":{"line":16,"column":0},"end":{"line":16,"column":10}},"16":{"start":{"line":17,"column":0},"end":{"line":17,"column":73}},"17":{"start":{"line":18,"column":0},"end":{"line":18,"column":137}},"18":{"start":{"line":19,"column":0},"end":{"line":19,"column":14}},"19":{"start":{"line":20,"column":0},"end":{"line":20,"column":38}},"20":{"start":{"line":21,"column":0},"end":{"line":21,"column":108}},"21":{"start":{"line":22,"column":0},"end":{"line":22,"column":41}},"22":{"start":{"line":23,"column":0},"end":{"line":23,"column":36}},"23":{"start":{"line":24,"column":0},"end":{"line":24,"column":18}},"24":{"start":{"line":25,"column":0},"end":{"line":25,"column":10}},"25":{"start":{"line":26,"column":0},"end":{"line":26,"column":12}},"26":{"start":{"line":27,"column":0},"end":{"line":27,"column":10}},"28":{"start":{"line":29,"column":0},"end":{"line":29,"column":2}}},"s":{"0":1,"1":1,"2":1,"3":1,"5":1,"6":59,"7":59,"9":59,"10":14,"11":14,"12":14,"13":14,"15":59,"16":59,"17":59,"18":59,"19":59,"20":59,"21":59,"22":59,"23":59,"24":59,"25":59,"26":59,"28":59},"branchMap":{"0":{"type":"branch","line":6,"loc":{"start":{"line":6,"column":27},"end":{"line":29,"column":2}},"locations":[{"start":{"line":6,"column":27},"end":{"line":29,"column":2}}]},"1":{"type":"branch","line":10,"loc":{"start":{"line":10,"column":27},"end":{"line":14,"column":4}},"locations":[{"start":{"line":10,"column":27},"end":{"line":14,"column":4}}]}},"b":{"0":[59],"1":[14]},"fnMap":{"0":{"name":"CardTrigger","decl":{"start":{"line":6,"column":27},"end":{"line":29,"column":2}},"loc":{"start":{"line":6,"column":27},"end":{"line":29,"column":2}},"line":6},"1":{"name":"handleCreateCard","decl":{"start":{"line":10,"column":27},"end":{"line":14,"column":4}},"loc":{"start":{"line":10,"column":27},"end":{"line":14,"column":4}},"line":10}},"f":{"0":59,"1":14}}
,"/Volumes/Disk-ito/Ari/Saved Projects/Coding/Todo-App/src/components/ColorPicker.tsx": {"path":"/Volumes/Disk-ito/Ari/Saved Projects/Coding/Todo-App/src/components/ColorPicker.tsx","all":false,"statementMap":{"0":{"start":{"line":1,"column":0},"end":{"line":1,"column":26}},"1":{"start":{"line":2,"column":0},"end":{"line":2,"column":63}},"4":{"start":{"line":5,"column":0},"end":{"line":5,"column":78}},"5":{"start":{"line":6,"column":0},"end":{"line":6,"column":55}},"6":{"start":{"line":7,"column":0},"end":{"line":7,"column":75}},"7":{"start":{"line":8,"column":0},"end":{"line":8,"column":26}},"8":{"start":{"line":9,"column":0},"end":{"line":9,"column":32}},"9":{"start":{"line":10,"column":0},"end":{"line":10,"column":16}},"10":{"start":{"line":11,"column":0},"end":{"line":11,"column":6}},"12":{"start":{"line":13,"column":0},"end":{"line":13,"column":12}},"13":{"start":{"line":14,"column":0},"end":{"line":14,"column":10}},"14":{"start":{"line":15,"column":0},"end":{"line":15,"column":17}},"15":{"start":{"line":16,"column":0},"end":{"line":16,"column":148}},"16":{"start":{"line":17,"column":0},"end":{"line":17,"column":44}},"18":{"start":{"line":19,"column":0},"end":{"line":19,"column":54}},"19":{"start":{"line":20,"column":0},"end":{"line":20,"column":51}},"20":{"start":{"line":21,"column":0},"end":{"line":21,"column":19}},"21":{"start":{"line":22,"column":0},"end":{"line":22,"column":30}},"22":{"start":{"line":23,"column":0},"end":{"line":23,"column":62}},"23":{"start":{"line":24,"column":0},"end":{"line":24,"column":104}},"24":{"start":{"line":25,"column":0},"end":{"line":25,"column":44}},"25":{"start":{"line":26,"column":0},"end":{"line":26,"column":44}},"26":{"start":{"line":27,"column":0},"end":{"line":27,"column":59}},"27":{"start":{"line":28,"column":0},"end":{"line":28,"column":17}},"28":{"start":{"line":29,"column":0},"end":{"line":29,"column":40}},"29":{"start":{"line":30,"column":0},"end":{"line":30,"column":14}},"30":{"start":{"line":31,"column":0},"end":{"line":31,"column":13}},"31":{"start":{"line":32,"column":0},"end":{"line":32,"column":14}},"32":{"start":{"line":33,"column":0},"end":{"line":33,"column":12}},"34":{"start":{"line":35,"column":0},"end":{"line":35,"column":3}},"35":{"start":{"line":36,"column":0},"end":{"line":36,"column":2}}},"s":{"0":1,"1":1,"4":1,"5":1,"6":6,"7":2,"8":2,"9":2,"10":2,"12":6,"13":6,"14":6,"15":6,"16":6,"18":6,"19":6,"20":54,"21":54,"22":54,"23":54,"24":54,"25":1,"26":53,"27":54,"28":54,"29":54,"30":6,"31":6,"32":6,"34":6,"35":1},"branchMap":{"0":{"type":"branch","line":6,"loc":{"start":{"line":6,"column":2},"end":{"line":35,"column":3}},"locations":[{"start":{"line":6,"column":2},"end":{"line":35,"column":3}}]},"1":{"type":"branch","line":7,"loc":{"start":{"line":7,"column":29},"end":{"line":11,"column":6}},"locations":[{"start":{"line":7,"column":29},"end":{"line":11,"column":6}}]},"2":{"type":"branch","line":20,"loc":{"start":{"line":20,"column":27},"end":{"line":30,"column":14}},"locations":[{"start":{"line":20,"column":27},"end":{"line":30,"column":14}}]},"3":{"type":"branch","line":25,"loc":{"start":{"line":25,"column":34},"end":{"line":26,"column":44}},"locations":[{"start":{"line":25,"column":34},"end":{"line":26,"column":44}}]},"4":{"type":"branch","line":26,"loc":{"start":{"line":26,"column":20},"end":{"line":27,"column":59}},"locations":[{"start":{"line":26,"column":20},"end":{"line":27,"column":59}}]},"5":{"type":"branch","line":23,"loc":{"start":{"line":23,"column":23},"end":{"line":23,"column":62}},"locations":[{"start":{"line":23,"column":23},"end":{"line":23,"column":62}}]}},"b":{"0":[6],"1":[2],"2":[54],"3":[1],"4":[53],"5":[2]},"fnMap":{"0":{"name":"handleColorClick","decl":{"start":{"line":7,"column":29},"end":{"line":11,"column":6}},"loc":{"start":{"line":7,"column":29},"end":{"line":11,"column":6}},"line":7},"1":{"name":"onClick","decl":{"start":{"line":17,"column":17},"end":{"line":17,"column":44}},"loc":{"start":{"line":17,"column":17},"end":{"line":17,"column":44}},"line":17},"2":{"name":"onClick","decl":{"start":{"line":23,"column":23},"end":{"line":23,"column":62}},"loc":{"start":{"line":23,"column":23},"end":{"line":23,"column":62}},"line":23}},"f":{"0":2,"1":0,"2":2}}
,"/Volumes/Disk-ito/Ari/Saved Projects/Coding/Todo-App/src/components/Icon.tsx": {"path":"/Volumes/Disk-ito/Ari/Saved Projects/Coding/Todo-App/src/components/Icon.tsx","all":false,"statementMap":{"0":{"start":{"line":1,"column":0},"end":{"line":1,"column":26}},"3":{"start":{"line":4,"column":0},"end":{"line":4,"column":43}},"4":{"start":{"line":5,"column":0},"end":{"line":5,"column":7}},"5":{"start":{"line":6,"column":0},"end":{"line":6,"column":12}},"6":{"start":{"line":7,"column":0},"end":{"line":7,"column":10}},"7":{"start":{"line":8,"column":0},"end":{"line":8,"column":16}},"8":{"start":{"line":9,"column":0},"end":{"line":9,"column":8}},"9":{"start":{"line":10,"column":0},"end":{"line":10,"column":7}},"10":{"start":{"line":11,"column":0},"end":{"line":11,"column":51}},"11":{"start":{"line":12,"column":0},"end":{"line":12,"column":18}},"12":{"start":{"line":13,"column":0},"end":{"line":13,"column":77}},"14":{"start":{"line":15,"column":0},"end":{"line":15,"column":10}},"15":{"start":{"line":16,"column":0},"end":{"line":16,"column":8}},"16":{"start":{"line":17,"column":0},"end":{"line":17,"column":27}},"17":{"start":{"line":18,"column":0},"end":{"line":18,"column":23}},"18":{"start":{"line":19,"column":0},"end":{"line":19,"column":35}},"19":{"start":{"line":20,"column":0},"end":{"line":20,"column":19}},"20":{"start":{"line":21,"column":0},"end":{"line":21,"column":14}},"21":{"start":{"line":22,"column":0},"end":{"line":22,"column":44}},"22":{"start":{"line":23,"column":0},"end":{"line":23,"column":34}},"23":{"start":{"line":24,"column":0},"end":{"line":24,"column":38}},"24":{"start":{"line":25,"column":0},"end":{"line":25,"column":37}},"25":{"start":{"line":26,"column":0},"end":{"line":26,"column":8}},"26":{"start":{"line":27,"column":0},"end":{"line":27,"column":6}},"28":{"start":{"line":29,"column":0},"end":{"line":29,"column":2}},"30":{"start":{"line":31,"column":0},"end":{"line":31,"column":20}}},"s":{"0":1,"3":1,"4":1016,"5":1016,"6":1016,"7":1016,"8":1016,"9":1016,"10":1016,"11":1016,"12":1016,"14":1016,"15":1016,"16":1016,"17":1016,"18":1016,"19":1016,"20":1016,"21":1016,"22":1016,"23":1016,"24":1016,"25":1016,"26":1016,"28":1016,"30":1},"branchMap":{"0":{"type":"branch","line":4,"loc":{"start":{"line":4,"column":41},"end":{"line":29,"column":2}},"locations":[{"start":{"line":4,"column":41},"end":{"line":29,"column":2}}]},"1":{"type":"branch","line":11,"loc":{"start":{"line":11,"column":35},"end":{"line":11,"column":51}},"locations":[{"start":{"line":11,"column":35},"end":{"line":11,"column":51}}]},"2":{"type":"branch","line":13,"loc":{"start":{"line":13,"column":37},"end":{"line":13,"column":77}},"locations":[{"start":{"line":13,"column":37},"end":{"line":13,"column":77}}]}},"b":{"0":[1016],"1":[0],"2":[0]},"fnMap":{"0":{"name":"Icon","decl":{"start":{"line":4,"column":41},"end":{"line":29,"column":2}},"loc":{"start":{"line":4,"column":41},"end":{"line":29,"column":2}},"line":4}},"f":{"0":1016}}
,"/Volumes/Disk-ito/Ari/Saved Projects/Coding/Todo-App/src/components/TodoItem.tsx": {"path":"/Volumes/Disk-ito/Ari/Saved Projects/Coding/Todo-App/src/components/TodoItem.tsx","all":false,"statementMap":{"1":{"start":{"line":2,"column":0},"end":{"line":2,"column":50}},"2":{"start":{"line":3,"column":0},"end":{"line":3,"column":30}},"3":{"start":{"line":4,"column":0},"end":{"line":4,"column":57}},"4":{"start":{"line":5,"column":0},"end":{"line":5,"column":29}},"5":{"start":{"line":6,"column":0},"end":{"line":6,"column":79}},"6":{"start":{"line":7,"column":0},"end":{"line":7,"column":50}},"8":{"start":{"line":9,"column":0},"end":{"line":9,"column":21}},"9":{"start":{"line":10,"column":0},"end":{"line":10,"column":26}},"10":{"start":{"line":11,"column":0},"end":{"line":11,"column":20}},"12":{"start":{"line":13,"column":0},"end":{"line":13,"column":70}},"13":{"start":{"line":14,"column":0},"end":{"line":14,"column":31}},"14":{"start":{"line":15,"column":0},"end":{"line":15,"column":40}},"15":{"start":{"line":16,"column":0},"end":{"line":16,"column":6}},"17":{"start":{"line":18,"column":0},"end":{"line":18,"column":30}},"18":{"start":{"line":19,"column":0},"end":{"line":19,"column":31}},"19":{"start":{"line":20,"column":0},"end":{"line":20,"column":6}},"21":{"start":{"line":22,"column":0},"end":{"line":22,"column":74}},"22":{"start":{"line":23,"column":0},"end":{"line":23,"column":26}},"23":{"start":{"line":24,"column":0},"end":{"line":24,"column":15}},"24":{"start":{"line":25,"column":0},"end":{"line":25,"column":6}},"26":{"start":{"line":27,"column":0},"end":{"line":27,"column":39}},"27":{"start":{"line":28,"column":0},"end":{"line":28,"column":12}},"28":{"start":{"line":29,"column":0},"end":{"line":29,"column":19}},"29":{"start":{"line":30,"column":0},"end":{"line":30,"column":50}},"30":{"start":{"line":31,"column":0},"end":{"line":31,"column":20}},"31":{"start":{"line":32,"column":0},"end":{"line":32,"column":28}},"32":{"start":{"line":33,"column":0},"end":{"line":33,"column":31}},"33":{"start":{"line":34,"column":0},"end":{"line":34,"column":25}},"34":{"start":{"line":35,"column":0},"end":{"line":35,"column":20}},"35":{"start":{"line":36,"column":0},"end":{"line":36,"column":22}},"36":{"start":{"line":37,"column":0},"end":{"line":37,"column":52}},"37":{"start":{"line":38,"column":0},"end":{"line":38,"column":10}},"39":{"start":{"line":40,"column":0},"end":{"line":40,"column":13}},"40":{"start":{"line":41,"column":0},"end":{"line":41,"column":24}},"41":{"start":{"line":42,"column":0},"end":{"line":42,"column":81}},"42":{"start":{"line":43,"column":0},"end":{"line":43,"column":40}},"43":{"start":{"line":44,"column":0},"end":{"line":44,"column":70}},"44":{"start":{"line":45,"column":0},"end":{"line":45,"column":10}},"46":{"start":{"line":47,"column":0},"end":{"line":47,"column":12}},"47":{"start":{"line":48,"column":0},"end":{"line":48,"column":58}},"48":{"start":{"line":49,"column":0},"end":{"line":49,"column":56}},"50":{"start":{"line":51,"column":0},"end":{"line":51,"column":15}},"51":{"start":{"line":52,"column":0},"end":{"line":52,"column":73}},"52":{"start":{"line":53,"column":0},"end":{"line":53,"column":48}},"53":{"start":{"line":54,"column":0},"end":{"line":54,"column":72}},"54":{"start":{"line":55,"column":0},"end":{"line":55,"column":12}},"55":{"start":{"line":56,"column":0},"end":{"line":56,"column":14}},"56":{"start":{"line":57,"column":0},"end":{"line":57,"column":14}},"57":{"start":{"line":58,"column":0},"end":{"line":58,"column":24}},"58":{"start":{"line":59,"column":0},"end":{"line":59,"column":21}},"59":{"start":{"line":60,"column":0},"end":{"line":60,"column":23}},"60":{"start":{"line":61,"column":0},"end":{"line":61,"column":33}},"61":{"start":{"line":62,"column":0},"end":{"line":62,"column":29}},"62":{"start":{"line":63,"column":0},"end":{"line":63,"column":62}},"63":{"start":{"line":64,"column":0},"end":{"line":64,"column":32}},"64":{"start":{"line":65,"column":0},"end":{"line":65,"column":120}},"65":{"start":{"line":66,"column":0},"end":{"line":66,"column":77}},"66":{"start":{"line":67,"column":0},"end":{"line":67,"column":13}},"67":{"start":{"line":68,"column":0},"end":{"line":68,"column":10}},"68":{"start":{"line":69,"column":0},"end":{"line":69,"column":15}},"69":{"start":{"line":70,"column":0},"end":{"line":70,"column":56}},"70":{"start":{"line":71,"column":0},"end":{"line":71,"column":113}},"71":{"start":{"line":72,"column":0},"end":{"line":72,"column":29}},"73":{"start":{"line":74,"column":0},"end":{"line":74,"column":15}},"74":{"start":{"line":75,"column":0},"end":{"line":75,"column":20}},"75":{"start":{"line":76,"column":0},"end":{"line":76,"column":48}},"76":{"start":{"line":77,"column":0},"end":{"line":77,"column":29}},"77":{"start":{"line":78,"column":0},"end":{"line":78,"column":12}},"78":{"start":{"line":79,"column":0},"end":{"line":79,"column":17}},"79":{"start":{"line":80,"column":0},"end":{"line":80,"column":21}},"81":{"start":{"line":82,"column":0},"end":{"line":82,"column":3}},"82":{"start":{"line":83,"column":0},"end":{"line":83,"column":2}}},"s":{"1":1,"2":1,"3":1,"4":1,"5":1,"6":212,"8":212,"9":49,"10":212,"12":212,"13":16,"14":16,"15":16,"17":212,"18":1,"19":1,"21":212,"22":3,"23":3,"24":3,"26":212,"27":212,"28":212,"29":212,"30":212,"31":212,"32":212,"33":212,"34":212,"35":212,"36":212,"37":212,"39":212,"40":212,"41":212,"42":212,"43":212,"44":212,"46":212,"47":212,"48":212,"50":212,"51":212,"52":212,"53":212,"54":212,"55":212,"56":212,"57":212,"58":212,"59":212,"60":212,"61":212,"62":212,"63":212,"64":212,"65":212,"66":212,"67":212,"68":212,"69":212,"70":212,"71":212,"73":212,"74":212,"75":212,"76":212,"77":212,"78":212,"79":212,"81":212,"82":1},"branchMap":{"0":{"type":"branch","line":6,"loc":{"start":{"line":6,"column":2},"end":{"line":82,"column":3}},"locations":[{"start":{"line":6,"column":2},"end":{"line":82,"column":3}}]},"1":{"type":"branch","line":52,"loc":{"start":{"line":52,"column":23},"end":{"line":52,"column":56}},"locations":[{"start":{"line":52,"column":23},"end":{"line":52,"column":56}}]},"2":{"type":"branch","line":52,"loc":{"start":{"line":52,"column":35},"end":{"line":52,"column":73}},"locations":[{"start":{"line":52,"column":35},"end":{"line":52,"column":73}}]},"3":{"type":"branch","line":54,"loc":{"start":{"line":54,"column":22},"end":{"line":54,"column":53}},"locations":[{"start":{"line":54,"column":22},"end":{"line":54,"column":53}}]},"4":{"type":"branch","line":54,"loc":{"start":{"line":54,"column":34},"end":{"line":54,"column":72}},"locations":[{"start":{"line":54,"column":34},"end":{"line":54,"column":72}}]},"5":{"type":"branch","line":63,"loc":{"start":{"line":63,"column":19},"end":{"line":63,"column":52}},"locations":[{"start":{"line":63,"column":19},"end":{"line":63,"column":52}}]},"6":{"type":"branch","line":63,"loc":{"start":{"line":63,"column":48},"end":{"line":63,"column":62}},"locations":[{"start":{"line":63,"column":48},"end":{"line":63,"column":62}}]},"7":{"type":"branch","line":66,"loc":{"start":{"line":66,"column":17},"end":{"line":66,"column":63}},"locations":[{"start":{"line":66,"column":17},"end":{"line":66,"column":63}}]},"8":{"type":"branch","line":66,"loc":{"start":{"line":66,"column":29},"end":{"line":66,"column":77}},"locations":[{"start":{"line":66,"column":29},"end":{"line":66,"column":77}}]},"9":{"type":"branch","line":9,"loc":{"start":{"line":9,"column":14},"end":{"line":11,"column":7}},"locations":[{"start":{"line":9,"column":14},"end":{"line":11,"column":7}}]},"10":{"type":"branch","line":13,"loc":{"start":{"line":13,"column":25},"end":{"line":16,"column":6}},"locations":[{"start":{"line":13,"column":25},"end":{"line":16,"column":6}}]},"11":{"type":"branch","line":18,"loc":{"start":{"line":18,"column":23},"end":{"line":20,"column":6}},"locations":[{"start":{"line":18,"column":23},"end":{"line":20,"column":6}}]},"12":{"type":"branch","line":22,"loc":{"start":{"line":22,"column":24},"end":{"line":25,"column":6}},"locations":[{"start":{"line":22,"column":24},"end":{"line":25,"column":6}}]},"13":{"type":"branch","line":22,"loc":{"start":{"line":22,"column":48},"end":{"line":25,"column":6}},"locations":[{"start":{"line":22,"column":48},"end":{"line":25,"column":6}}]},"14":{"type":"branch","line":49,"loc":{"start":{"line":49,"column":31},"end":{"line":49,"column":54}},"locations":[{"start":{"line":49,"column":31},"end":{"line":49,"column":54}}]},"15":{"type":"branch","line":70,"loc":{"start":{"line":70,"column":31},"end":{"line":70,"column":54}},"locations":[{"start":{"line":70,"column":31},"end":{"line":70,"column":54}}]}},"b":{"0":[212],"1":[12],"2":[200],"3
[...]
,"/Volumes/Disk-ito/Ari/Saved Projects/Coding/Todo-App/src/hooks/useTodoCardSave.ts": {"path":"/Volumes/Disk-ito/Ari/Saved Projects/Coding/Todo-App/src/hooks/useTodoCardSave.ts","all":false,"statementMap":{"0":{"start":{"line":1,"column":0},"end":{"line":1,"column":44}},"2":{"start":{"line":3,"column":0},"end":{"line":3,"column":66}},"3":{"start":{"line":4,"column":0},"end":{"line":4,"column":55}},"4":{"start":{"line":5,"column":0},"end":{"line":5,"column":53}},"6":{"start":{"line":7,"column":0},"end":{"line":7,"column":70}},"7":{"start":{"line":8,"column":0},"end":{"line":8,"column":46}},"9":{"start":{"line":10,"column":0},"end":{"line":10,"column":28}},"10":{"start":{"line":11,"column":0},"end":{"line":11,"column":50}},"11":{"start":{"line":12,"column":0},"end":{"line":12,"column":16}},"13":{"start":{"line":14,"column":0},"end":{"line":14,"column":63}},"14":{"start":{"line":15,"column":0},"end":{"line":15,"column":58}},"15":{"start":{"line":16,"column":0},"end":{"line":16,"column":4}},"17":{"start":{"line":18,"column":0},"end":{"line":18,"column":19}},"18":{"start":{"line":19,"column":0},"end":{"line":19,"column":23}},"19":{"start":{"line":20,"column":0},"end":{"line":20,"column":52}},"20":{"start":{"line":21,"column":0},"end":{"line":21,"column":18}},"21":{"start":{"line":22,"column":0},"end":{"line":22,"column":15}},"22":{"start":{"line":23,"column":0},"end":{"line":23,"column":27}},"23":{"start":{"line":24,"column":0},"end":{"line":24,"column":5}},"24":{"start":{"line":25,"column":0},"end":{"line":25,"column":26}},"26":{"start":{"line":27,"column":0},"end":{"line":27,"column":80}},"28":{"start":{"line":29,"column":0},"end":{"line":29,"column":44}},"29":{"start":{"line":30,"column":0},"end":{"line":30,"column":70}},"30":{"start":{"line":31,"column":0},"end":{"line":31,"column":11}},"32":{"start":{"line":33,"column":0},"end":{"line":33,"column":10}},"33":{"start":{"line":34,"column":0},"end":{"line":34,"column":29}},"34":{"start":{"line":35,"column":0},"end":{"line":35,"column":22}},"35":{"start":{"line":36,"column":0},"end":{"line":36,"column":31}},"36":{"start":{"line":37,"column":0},"end":{"line":37,"column":4}},"37":{"start":{"line":38,"column":0},"end":{"line":38,"column":2}}},"s":{"0":1,"2":1,"3":1,"4":1,"6":1,"7":12,"9":12,"10":7,"11":5,"13":12,"14":12,"15":12,"17":12,"18":7,"19":4,"20":3,"21":7,"22":2,"23":2,"24":12,"26":12,"28":12,"29":3,"30":9,"32":12,"33":12,"34":12,"35":12,"36":12,"37":12},"branchMap":{"0":{"type":"branch","line":7,"loc":{"start":{"line":7,"column":32},"end":{"line":38,"column":2}},"locations":[{"start":{"line":7,"column":32},"end":{"line":38,"column":2}}]},"1":{"type":"branch","line":10,"loc":{"start":{"line":10,"column":22},"end":{"line":11,"column":50}},"locations":[{"start":{"line":10,"column":22},"end":{"line":11,"column":50}}]},"2":{"type":"branch","line":11,"loc":{"start":{"line":11,"column":49},"end":{"line":12,"column":16}},"locations":[{"start":{"line":11,"column":49},"end":{"line":12,"column":16}}]},"3":{"type":"branch","line":29,"loc":{"start":{"line":29,"column":28},"end":{"line":30,"column":70}},"locations":[{"start":{"line":29,"column":28},"end":{"line":30,"column":70}}]},"4":{"type":"branch","line":30,"loc":{"start":{"line":30,"column":69},"end":{"line":31,"column":11}},"locations":[{"start":{"line":30,"column":69},"end":{"line":31,"column":11}}]},"5":{"type":"branch","line":11,"loc":{"start":{"line":11,"column":21},"end":{"line":11,"column":49}},"locations":[{"start":{"line":11,"column":21},"end":{"line":11,"column":49}}]},"6":{"type":"branch","line":15,"loc":{"start":{"line":15,"column":4},"end":{"line":15,"column":58}},"locations":[{"start":{"line":15,"column":4},"end":{"line":15,"column":58}}]},"7":{"type":"branch","line":18,"loc":{"start":{"line":18,"column":12},"end":{"line":25,"column":5}},"locations":[{"start":{"line":18,"column":12},"end":{"line":25,"column":5}}]},"8":{"type":"branch","line":19,"loc":{"start":{"line":19,"column":17},"end":{"line":20,"column":52}},"locations":[{"start":{"line":19,"column":17},"end":{"line":20,"column":52}}]},"9":{"type":"branch","line":20,"loc":{"start":{"line":20,"column":51},"end":{"line":21,"column":18}},"locations":[{"start":{"line":20,"column":51},"end":{"line":21,"column":18}}]},"10":{"type":"branch","line":22,"loc":{"start":{"line":22,"column":14},"end":{"line":24,"column":5}},"locations":[{"start":{"line":22,"column":14},"end":{"line":24,"column":5}}]},"11":{"type":"branch","line":20,"loc":{"start":{"line":20,"column":23},"end":{"line":20,"column":51}},"locations":[{"start":{"line":20,"column":23},"end":{"line":20,"column":51}}]},"12":{"type":"branch","line":27,"loc":{"start":{"line":27,"column":42},"end":{"line":27,"column":78}},"locations":[{"start":{"line":27,"column":42},"end":{"line":27,"column":78}}]}},"b":{"0":[12],"1":[7],"2":[5],"3":[3],"4":[9],"5":[5],"6":[5],"7":[7],"8":[4],"9":[3],"10":[2],"11":[2],"12":[5]},"fnMap":{"0":{"name":"useModalCardEdit","decl":{"start":{"line":7,"column":32},"end":{"line":38,"column":2}},"loc":{"start":{"line":7,"column":32},"end":{"line":38,"column":2}},"line":7}},"f":{"0":12}}
,"/Volumes/Disk-ito/Ari/Saved Projects/Coding/Todo-App/src/utils/security.ts": {"path":"/Volumes/Disk-ito/Ari/Saved Projects/Coding/Todo-App/src/utils/security.ts","all":false,"statementMap":{"0":{"start":{"line":1,"column":0},"end":{"line":1,"column":34}},"2":{"start":{"line":3,"column":0},"end":{"line":3,"column":30}},"3":{"start":{"line":4,"column":0},"end":{"line":4,"column":16}},"4":{"start":{"line":5,"column":0},"end":{"line":5,"column":27}},"5":{"start":{"line":6,"column":0},"end":{"line":6,"column":28}},"6":{"start":{"line":7,"column":0},"end":{"line":7,"column":14}},"7":{"start":{"line":8,"column":0},"end":{"line":8,"column":43}},"9":{"start":{"line":10,"column":0},"end":{"line":10,"column":59}},"10":{"start":{"line":11,"column":0},"end":{"line":11,"column":54}},"11":{"start":{"line":12,"column":0},"end":{"line":12,"column":45}},"12":{"start":{"line":13,"column":0},"end":{"line":13,"column":21}},"14":{"start":{"line":15,"column":0},"end":{"line":15,"column":41}},"15":{"start":{"line":16,"column":0},"end":{"line":16,"column":21}},"16":{"start":{"line":17,"column":0},"end":{"line":17,"column":23}},"17":{"start":{"line":18,"column":0},"end":{"line":18,"column":26}},"18":{"start":{"line":19,"column":0},"end":{"line":19,"column":5}},"19":{"start":{"line":20,"column":0},"end":{"line":20,"column":2}},"21":{"start":{"line":22,"column":0},"end":{"line":22,"column":57}},"22":{"start":{"line":23,"column":0},"end":{"line":23,"column":49}},"23":{"start":{"line":24,"column":0},"end":{"line":24,"column":2}},"25":{"start":{"line":26,"column":0},"end":{"line":26,"column":61}},"26":{"start":{"line":27,"column":0},"end":{"line":27,"column":32}},"27":{"start":{"line":28,"column":0},"end":{"line":28,"column":2}}},"s":{"0":1,"2":1,"3":102,"4":102,"5":102,"6":102,"7":102,"9":102,"10":102,"11":1,"12":100,"14":102,"15":102,"16":102,"17":102,"18":102,"19":102,"21":1,"22":99,"23":99,"25":1,"26":4,"27":4},"branchMap":{"0":{"type":"branch","line":3,"loc":{"start":{"line":3,"column":29},"end":{"line":20,"column":2}},"locations":[{"start":{"line":3,"column":29},"end":{"line":20,"column":2}}]},"1":{"type":"branch","line":8,"loc":{"start":{"line":8,"column":33},"end":{"line":8,"column":43}},"locations":[{"start":{"line":8,"column":33},"end":{"line":8,"column":43}}]},"2":{"type":"branch","line":8,"loc":{"start":{"line":8,"column":40},"end":{"line":10,"column":38}},"locations":[{"start":{"line":8,"column":40},"end":{"line":10,"column":38}}]},"3":{"type":"branch","line":10,"loc":{"start":{"line":10,"column":25},"end":{"line":10,"column":53}},"locations":[{"start":{"line":10,"column":25},"end":{"line":10,"column":53}}]},"4":{"type":"branch","line":10,"loc":{"start":{"line":10,"column":49},"end":{"line":10,"column":59}},"locations":[{"start":{"line":10,"column":49},"end":{"line":10,"column":59}}]},"5":{"type":"branch","line":11,"loc":{"start":{"line":11,"column":44},"end":{"line":12,"column":45}},"locations":[{"start":{"line":11,"column":44},"end":{"line":12,"column":45}}]},"6":{"type":"branch","line":12,"loc":{"start":{"line":12,"column":43},"end":{"line":13,"column":21}},"locations":[{"start":{"line":12,"column":43},"end":{"line":13,"column":21}}]},"7":{"type":"branch","line":22,"loc":{"start":{"line":22,"column":28},"end":{"line":24,"column":2}},"locations":[{"start":{"line":22,"column":28},"end":{"line":24,"column":2}}]},"8":{"type":"branch","line":23,"loc":{"start":{"line":23,"column":24},"end":{"line":23,"column":49}},"locations":[{"start":{"line":23,"column":24},"end":{"line":23,"column":49}}]},"9":{"type":"branch","line":26,"loc":{"start":{"line":26,"column":30},"end":{"line":28,"column":2}},"locations":[{"start":{"line":26,"column":30},"end":{"line":28,"column":2}}]}},"b":{"0":[102],"1":[1],"2":[101],"3":[5],"4":[96],"5":[1],"6":[100],"7":[99],"8":[97],"9":[4]},"fnMap":{"0":{"name":"validateInput","decl":{"start":{"line":3,"column":29},"end":{"line":20,"column":2}},"loc":{"start":{"line":3,"column":29},"end":{"line":20,"column":2}},"line":3},"1":{"name":"isValidTitle","decl":{"start":{"line":22,"column":28},"end":{"line":24,"column":2}},"loc":{"start":{"line":22,"column":28},"end":{"line":24,"column":2}},"line":22},"2":{"name":"isValidContent","decl":{"start":{"line":26,"column":30},"end":{"line":28,"column":2}},"loc":{"start":{"line":26,"column":30},"end":{"line":28,"column":2}},"line":26}},"f":{"0":102,"1":99,"2":4}}
,"/Volumes/Disk-ito/Ari/Saved Projects/Coding/Todo-App/src/utils/todoHelpers.ts": {"path":"/Volumes/Disk-ito/Ari/Saved Projects/Coding/Todo-App/src/utils/todoHelpers.ts","all":false,"statementMap":{"2":{"start":{"line":3,"column":0},"end":{"line":3,"column":36}},"3":{"start":{"line":4,"column":0},"end":{"line":4,"column":78}},"4":{"start":{"line":5,"column":0},"end":{"line":5,"column":37}},"5":{"start":{"line":6,"column":0},"end":{"line":6,"column":45}},"6":{"start":{"line":7,"column":0},"end":{"line":7,"column":26}},"7":{"start":{"line":8,"column":0},"end":{"line":8,"column":5}},"8":{"start":{"line":9,"column":0},"end":{"line":9,"column":2}},"10":{"start":{"line":11,"column":0},"end":{"line":11,"column":67}},"11":{"start":{"line":12,"column":0},"end":{"line":12,"column":10}},"12":{"start":{"line":13,"column":0},"end":{"line":13,"column":27}},"13":{"start":{"line":14,"column":0},"end":{"line":14,"column":24}},"14":{"start":{"line":15,"column":0},"end":{"line":15,"column":14}},"15":{"start":{"line":16,"column":0},"end":{"line":16,"column":21}},"16":{"start":{"line":17,"column":0},"end":{"line":17,"column":5}},"17":{"start":{"line":18,"column":0},"end":{"line":18,"column":23}},"18":{"start":{"line":19,"column":0},"end":{"line":19,"column":3}},"20":{"start":{"line":21,"column":0},"end":{"line":21,"column":86}},"21":{"start":{"line":22,"column":0},"end":{"line":22,"column":10}},"22":{"start":{"line":23,"column":0},"end":{"line":23,"column":55}},"23":{"start":{"line":24,"column":0},"end":{"line":24,"column":23}},"24":{"start":{"line":25,"column":0},"end":{"line":25,"column":3}},"26":{"start":{"line":27,"column":0},"end":{"line":27,"column":101}},"27":{"start":{"line":28,"column":0},"end":{"line":28,"column":10}},"28":{"start":{"line":29,"column":0},"end":{"line":29,"column":31}},"29":{"start":{"line":30,"column":0},"end":{"line":30,"column":58}},"30":{"start":{"line":31,"column":0},"end":{"line":31,"column":4}},"31":{"start":{"line":32,"column":0},"end":{"line":32,"column":23}},"32":{"start":{"line":33,"column":0},"end":{"line":33,"column":3}},"34":{"start":{"line":35,"column":0},"end":{"line":35,"column":86}},"35":{"start":{"line":36,"column":0},"end":{"line":36,"column":10}},"36":{"start":{"line":37,"column":0},"end":{"line":37,"column":31}},"37":{"start":{"line":38,"column":0},"end":{"line":38,"column":71}},"38":{"start":{"line":39,"column":0},"end":{"line":39,"column":4}},"39":{"start":{"line":40,"column":0},"end":{"line":40,"column":23}},"40":{"start":{"line":41,"column":0},"end":{"line":41,"column":3}},"42":{"start":{"line":43,"column":0},"end":{"line":43,"column":86}},"43":{"start":{"line":44,"column":0},"end":{"line":44,"column":10}},"44":{"start":{"line":45,"column":0},"end":{"line":45,"column":8}},"45":{"start":{"line":46,"column":0},"end":{"line":46,"column":23}},"46":{"start":{"line":47,"column":0},"end":{"line":47,"column":3}},"48":{"start":{"line":49,"column":0},"end":{"line":49,"column":106}},"49":{"start":{"line":50,"column":0},"end":{"line":50,"column":10}},"50":{"start":{"line":51,"column":0},"end":{"line":51,"column":18}},"51":{"start":{"line":52,"column":0},"end":{"line":52,"column":23}},"52":{"start":{"line":53,"column":0},"end":{"line":53,"column":3}},"54":{"start":{"line":55,"column":0},"end":{"line":55,"column":76}},"55":{"start":{"line":56,"column":0},"end":{"line":56,"column":21}},"56":{"start":{"line":57,"column":0},"end":{"line":57,"column":12}},"57":{"start":{"line":58,"column":0},"end":{"line":58,"column":12}},"58":{"start":{"line":59,"column":0},"end":{"line":59,"column":24}},"59":{"start":{"line":60,"column":0},"end":{"line":60,"column":14}},"60":{"start":{"line":61,"column":0},"end":{"line":61,"column":21}},"61":{"start":{"line":62,"column":0},"end":{"line":62,"column":5}},"62":{"start":{"line":63,"column":0},"end":{"line":63,"column":18}},"63":{"start":{"line":64,"column":0},"end":{"line":64,"column":23}},"64":{"start":{"line":65,"column":0},"end":{"line":65,"column":3}}},"s":{"2":1,"3":50,"4":1550,"5":1550,"6":1550,"7":50,"8":50,"10":1,"11":4,"12":4,"13":4,"14":4,"15":4,"16":4,"17":4,"18":4,"20":1,"21":3,"22":3,"23":3,"24":3,"26":1,"27":3,"28":3,"29":6,"30":3,"31":3,"32":3,"34":1,"35":4,"36":4,"37":8,"38":4,"39":4,"40":4,"42":1,"43":96,"44":96,"45":96,"46":96,"48":1,"49":2,"50":2,"51":2,"52":2,"54":1,"55":23,"56":23,"57":23,"58":23,"59":23,"60":23,"61":23,"62":23,"63":23,"64":23},"branchMap":{"0":{"type":"branch","line":3,"loc":{"start":{"line":3,"column":21},"end":{"line":9,"column":2}},"locations":[{"start":{"line":3,"column":21},"end":{"line":9,"column":2}}]},"1":{"type":"branch","line":4,"loc":{"start":{"line":4,"column":65},"end":{"line":8,"column":3}},"locations":[{"start":{"line":4,"column":65},"end":{"line":8,"column":3}}]},"2":{"type":"branch","line":6,"loc":{"start":{"line":6,"column":19},"end":{"line":6,"column":30}},"locations":[{"start":{"line":6,"column":19},"end":{"line":6,"column":30}}]},"3":{"type":"branch","line":6,"loc":{"start":{"line":6,"column":25},"end":{"line":6,"column":45}},"locations":[{"start":{"line":6,"column":25},"end":{"line":6,"column":45}}]},"4":{"type":"branch","line":11,"loc":{"start":{"line":11,"column":27},"end":{"line":19,"column":3}},"locations":[{"start":{"line":11,"column":27},"end":{"line":19,"column":3}}]},"5":{"type":"branch","line":21,"loc":{"start":{"line":21,"column":30},"end":{"line":25,"column":3}},"locations":[{"start":{"line":21,"column":30},"end":{"line":25,"column":3}}]},"6":{"type":"branch","line":23,"loc":{"start":{"line":23,"column":27},"end":{"line":23,"column":53}},"locations":[{"start":{"line":23,"column":27},"end":{"line":23,"column":53}}]},"7":{"type":"branch","line":27,"loc":{"start":{"line":27,"column":28},"end":{"line":33,"column":3}},"locations":[{"start":{"line":27,"column":28},"end":{"line":33,"column":3}}]},"8":{"type":"branch","line":29,"loc":{"start":{"line":29,"column":24},"end":{"line":30,"column":58}},"locations":[{"start":{"line":29,"column":24},"end":{"line":30,"column":58}}]},"9":{"type":"branch","line":30,"loc":{"start":{"line":30,"column":16},"end":{"line":30,"column":54}},"locations":[{"start":{"line":30,"column":16},"end":{"line":30,"column":54}}]},"10":{"type":"branch","line":30,"loc":{"start":{"line":30,"column":50},"end":{"line":30,"column":58}},"locations":[{"start":{"line":30,"column":50},"end":{"line":30,"column":58}}]},"11":{"type":"branch","line":35,"loc":{"start":{"line":35,"column":30},"end":{"line":41,"column":3}},"locations":[{"start":{"line":35,"column":30},"end":{"line":41,"column":3}}]},"12":{"type":"branch","line":37,"loc":{"start":{"line":37,"column":24},"end":{"line":38,"column":71}},"locations":[{"start":{"line":37,"column":24},"end":{"line":38,"column":71}}]},"13":{"type":"branch","line":38,"loc":{"start":{"line":38,"column":16},"end":{"line":38,"column":67}},"locations":[{"start":{"line":38,"column":16},"end":{"line":38,"column":67}}]},"14":{"type":"branch","line":38,"loc":{"start":{"line":38,"column":63},"end":{"line":38,"column":71}},"locations":[{"start":{"line":38,"column":63},"end":{"line":38,"column":71}}]},"15":{"type":"branch","line":43,"loc":{"start":{"line":43,"column":31},"end":{"line":47,"column":3}},"locations":[{"start":{"line":43,"column":31},"end":{"line":47,"column":3}}]},"16":{"type":"branch","line":49,"loc":{"start":{"line":49,"column":41},"end":{"line":53,"column":3}},"locations":[{"start":{"line":49,"column":41},"end":{"line":53,"column":3}}]},"17":{"type":"branch","line":55,"loc":{"start":{"line":55,"column":31},"end":{"line":65,"column":3}},"locations":[{"start":{"line":55,"column":31},"end":{"line":65,"column":3}}]}},"b":{"0":[50],"1":[1550],"2":[1500],"3":[50],"4":[4],"5":[3],"6":[6],"7":[3],"8":[6],"9":[2],"10":[4],"11":[4],"12":[8],"13":[3],"14":[5],"15":[96],"16":[2],"17":[23]},"fnMap":{"0":{"name":"generateUUID","decl":{"start":{"line":3,"column":21},"end":{"line":9,"column":2}},"loc":{"start":{"line":3,"column":21},"end":{"line":9,"column":2}},"line":3},"1":{"name":"addTodoItem","decl":{"start":{"line":11,"column":27},"end":{"line":19,"column":3}},"loc":{"start":{"line":11,"column":27},"end":{"line":19,"column":3}},"line":11},"2":{"name":"deleteTodoItem","decl":{"start":{"line":21,"column":30},"end":{"line":25,"column":3}},"loc":{"start":{"line":21,"column":30},"end":{"line":25,"column":3}},"line":21},"3":{"name":"editTodoItem","decl":{"start":{"line":27,"column":28},"end":{"line":33,"column":3}},"loc":{"start":{"line":27,"column":28},"end":{"line":33,"column":3}},"line":27},"4":{"name":"toggleTodoItem","decl":{"start":{"line":35,"column":30},"end":{"line":41,"column":3}},"loc":{"start":{"line":35,"column":30},"end":{"line":41,"column":3}},"line":35},"5":{"name":"updateCardTitle","decl":{"start":{"line":43,"column":31},"end":{"line":47,"column":3}},"loc":{"start":{"line":43,"column":31},"end":{"line":47,"column":3}},"line":43},"6":{"name":"updateCardBackgroundColor","decl":{"start":{"line":49,"column":41},"end":{"line":53,"column":3}},"loc":{"start":{"line":49,"column":41},"end":{"line":53,"column":3}},"line":49},"7":{"name":"createEmptyCard","decl":{"start":{"line":55,"column":31},"end":{"line":65,"column":3}},"loc":{"start":{"line":55,"column":31},"end":{"line":65,"column":3}},"line":55}},"f":{"0":50,"1":4,"2":3,"3":3,"4":4,"5":96,"6":2,"7":23}}
}
